120
120.276243623
115.160995846
117.842664805
116.489815859
119.43738026
118.646320322
119.194080425
116.542851881
122.569931917
126.562832823
126.647575848
120.774768856
125.291009177
117.92281881
118.998871579
119.648050266
121.928320085
123.143291036
120.251559207
116.063094505
117.041518432
118.941059143
119.587720063
121.832252014
124.297105011
120.516338878
120.343926562
117.79264777
116.41890225
123.427476577
124.34806834
123.396449193
124.236365021
122.905613257
119.063615178
115.220016902
123.468960835
120.178662361
117.744424232
116.710759594
120.358713616
127.356914739
123.549898297
116.205135933
121.406110525
119.069360113
117.792818517
121.538704206
122.304749619
123.264791041
