%ATOMIC_POSTION in Bohr units
He	61.72209447	45.80373231	38.93021465	
He	1.811364314	21.19283808	10.22407643	
He	10.32490406	61.36616237	60.98593581	
He	43.76128274	40.55702629	36.25560807	
He	39.62617499	51.44467588	52.43614243	
He	19.23849457	61.50502722	62.66674897	
He	11.55234169	28.3624593	6.491074045	
He	61.65997565	52.60038961	7.323239819	
He	0.3825351853	38.96861846	51.97315442	
He	21.4538676	11.21602199	50.77158222	
He	8.745294924	16.18730284	55.8538958	
He	14.15163028	18.21933919	51.4258521	
He	48.01215645	35.0119515	10.6142578	
He	39.29164022	31.84043991	24.12797051	
He	23.53953993	8.993606868	31.72080758	
He	26.56408341	20.67716898	32.15890535	
He	23.59133442	59.31149699	7.144502266	
He	33.06423125	67.42846006	59.87413276	
He	53.04337542	50.82404425	7.749709733	
He	53.43170346	1.978167632	29.29514918	
He	44.94859187	37.02562537	51.74212659	
He	17.80571172	44.42684653	58.89692376	
He	7.83530047	64.27737454	20.08082103	
He	61.186065	29.42459675	49.34080258	
He	17.49049866	54.49093459	36.28734341	
He	29.63988272	43.76236499	51.61547926	
He	6.746559411	29.04897208	50.91595856	
He	42.3257579	21.9288646	10.51991392	
He	20.91796251	16.08084779	30.90568226	
He	9.165917544	4.719742992	25.68611444	
He	62.82660972	39.64804977	35.26014518	
He	42.38807402	4.089980164	46.04481695	
He	3.839097791	37.88706657	67.3297799	
He	2.386898658	66.98415436	7.268111969	
He	60.25761183	24.62012986	35.64459575	
He	7.110703172	10.01785545	39.97635882	
He	13.90475085	35.02694175	38.75097188	
He	14.38178452	48.30139762	35.36658282	
He	48.03931638	23.17387814	5.673241731	
He	33.43360931	15.74198863	37.13124074	
He	9.227533503	45.84586668	14.74416992	
He	66.58269321	8.201948933	40.46192643	
He	9.688688521	22.20678253	21.83307969	
He	41.13986221	1.255511475	35.05164807	
He	63.69611076	54.44164258	14.886299	
He	17.67033351	45.58427232	12.4621913	
He	11.61351161	54.79443189	33.7874895	
He	48.62736424	3.801232588	62.18712714	
He	6.668465517	36.52824961	50.9595839	
He	42.4874711	28.21408832	2.507634605	
He	5.028154629	56.28528143	32.15069582	
He	12.57172986	30.28108363	19.8117603	
He	4.248276911	28.85729558	20.05110172	
He	7.352530482	23.91721141	45.02217351	
He	12.48920045	13.82446796	33.64901193	
He	7.013380181	67.54811843	31.13211172	
He	59.02357728	26.68667486	28.52451488	
He	10.34911754	24.8981659	68.01610159	
He	46.90186908	37.75021294	16.78566033	
He	49.25879222	42.21460479	33.6678549	
He	8.04702049	21.75087448	31.1166603	
He	60.29070832	20.32774552	3.893065162	
He	37.71441288	55.03738164	16.03924521	
He	61.9399382	67.43346426	50.39331621	
He	57.46606332	54.42702404	32.14018324	
He	64.31117083	17.39162179	40.74137503	
He	25.76636008	62.12947078	19.58695136	
He	66.09100074	25.98621559	54.08975709	
He	56.47028667	48.77744488	49.64201669	
He	19.52954623	35.86521465	43.52933353	
He	33.99109807	3.994073688	18.25379759	
He	50.50788306	61.22095193	53.87442294	
He	55.80379414	25.75004831	47.47927044	
He	62.55435575	34.02721277	10.84457513	
He	23.8611972	4.516270264	36.9955327	
He	42.45371721	47.53898461	26.54065631	
He	54.61864727	47.93606563	35.74403965	
He	24.17773021	26.61519013	34.15964619	
He	64.80645232	46.58135697	26.02849294	
He	40.72545547	60.93428496	13.85084373	
He	28.27954789	10.01469137	2.727322303	
He	57.56190429	23.10160209	15.34316676	
He	52.34038594	6.169377915	21.54762448	
He	24.69237201	61.12633148	39.21689747	
He	0.9248567789	50.43934148	12.82078116	
He	14.29907939	33.59094841	31.09316847	
He	42.49652678	12.67511504	19.30611234	
He	62.33509793	32.59520368	36.57051862	
He	65.65019913	58.0197817	31.41403517	
He	12.65803591	32.11537269	46.79982237	
He	58.36888571	24.49894062	62.10655338	
He	56.86775567	11.36858739	67.40933408	
He	31.6698347	31.15039989	9.015348852	
He	47.59076462	52.90943925	62.11304025	
He	27.61157245	55.2742669	20.01300051	
He	6.006365079	10.28622418	16.97143048	
He	65.53564561	23.63272549	61.39589609	
He	2.475529149	10.03637018	35.59159098	
He	26.28008918	7.778454948	18.39825795	
He	67.41966642	9.177451567	17.28768438	
He	48.95043874	44.88947021	48.55554903	
He	41.27282144	52.87232071	8.119568878	
He	2.342104122	5.918893691	48.98220754	
He	26.9333947	25.72864212	5.060113658	
He	29.88809084	26.3623627	13.42544223	
He	55.07698554	25.18964642	6.768772618	
He	2.769593979	50.23658567	39.06102049	
He	9.111921285	23.23707324	37.62948128	
He	21.3458779	13.33167368	63.04988541	
He	43.11621893	14.69162516	65.17626461	
He	8.977345623	67.56008039	11.53460235	
He	18.44397453	27.48309689	30.66354643	
He	60.72596518	66.46839109	22.06760222	
He	13.07667214	11.02616612	44.54513016	
He	47.26996405	16.10436726	9.318078022	
He	2.093888383	16.62199406	52.73903566	
He	43.22968748	16.20710986	55.00538358	
He	35.47861298	46.32125817	48.96864898	
He	29.18022836	50.9525314	6.170094314	
He	33.89559014	63.99637838	42.08265157	
He	21.13202326	7.357053618	44.67780921	
He	10.59827869	17.93846649	45.58315544	
He	49.87002987	37.45459988	37.39762214	
He	10.27986381	4.2585333	38.41323957	
He	49.52978953	59.26203959	60.42483571	
He	11.0882755	9.931568237	60.5119322	
He	44.8890933	62.98631639	31.92999128	
He	55.79230071	56.03978667	48.26100003	
He	63.35538455	6.482466741	51.90700071	
He	17.28506562	4.304556879	10.21444814	
He	39.72230891	31.88348089	50.77543777	
He	62.28235068	42.99539242	48.13620698	
He	9.296432747	18.00949551	15.42712089	
He	12.18609338	42.17674668	7.855685677	
He	60.54722386	37.63231314	62.33906826	
He	35.85938076	18.29751657	8.595553353	
He	10.08285611	39.55642468	32.71442671	
He	30.0857302	7.893198628	64.36491364	
He	26.25953163	16.05645533	49.48131147	
He	55.61247367	14.67521609	60.62108166	
He	45.13796064	65.53543816	58.9724406	
He	67.63065487	30.87166789	32.11167821	
He	50.87493148	13.75997286	66.16644788	
He	0.5091983639	32.11354458	14.46987511	
He	11.10452949	1.530269929	63.16760078	
He	26.17522348	3.055942483	62.90859398	
He	27.09365558	3.537965771	45.22604948	
He	8.382500269	12.77374976	27.97271335	
He	27.4280631	16.25851628	6.303901365	
He	6.611711603	8.024031161	67.71424064	
He	61.77836117	1.775079734	57.34640374	
He	41.54084377	59.71910995	53.08394218	
He	13.45411679	2.241207283	46.02448442	
He	62.98102509	35.78592638	47.56627191	
He	20.13202351	24.98425944	21.59818195	
He	19.769642	26.779397	44.82092118	
He	19.77392122	26.44087196	51.46879168	
He	49.69514569	10.72918881	52.53631767	
He	20.12857269	36.62690645	36.63977465	
He	15.89866396	49.69004667	42.89585015	
He	12.90463298	27.49517795	42.08938479	
He	37.62189632	17.91134347	21.98963627	
He	16.33119576	6.469303198	58.8640985	
He	16.58458562	30.29989913	0.9267652598	
He	49.16994077	25.96349394	67.18888869	
He	38.51433228	43.58411946	21.0492651	
He	44.49650082	41.45946	0.04239353774	
He	9.737166971	41.97344923	23.55077285	
He	10.39002799	57.14573988	54.45273268	
He	6.970989154	33.27488618	24.36612503	
He	18.20493722	9.180206374	22.3815934	
He	24.17532667	15.12362575	55.8363152	
He	38.41048085	15.74239428	15.16079422	
He	30.8266937	43.8202305	42.74049315	
He	6.521085975	12.52927098	49.01607411	
He	12.75976644	10.61993773	52.59471156	
He	49.14264466	20.16004158	38.42041791	
He	26.41153158	12.07420739	43.13297768	
He	34.84489939	53.4591143	9.903992958	
He	7.623573906	7.25101628	31.51841283	
He	37.36744034	9.302994103	6.107126776	
He	43.69208475	11.98432955	49.32347653	
He	67.48798017	61.63991354	16.32527358	
He	67.55264826	14.1065818	2.316832054	
He	29.41807409	10.44089781	58.15878439	
He	15.26925872	20.81322257	30.59550588	
He	26.05079519	42.7452918	36.60957522	
He	34.13247465	20.03226886	30.59121015	
He	39.86500066	20.92682007	34.45367779	
He	4.515169526	44.90192101	66.41806019	
He	61.47121937	17.96985377	32.7311224	
He	6.604516321	2.906512571	57.09358074	
He	53.25905917	29.47711763	30.06355188	
He	18.28397415	42.21908667	4.995655237	
He	2.972273827	16.60466479	26.65247461	
He	1.167006436	62.915398	26.9891607	
He	56.52993202	17.55055988	37.60290238	
He	40.86244162	41.73653886	10.00982439	
He	11.16307999	39.61871091	1.669799057	
He	40.93302921	23.44839205	51.64299322	
He	11.47401886	9.472847384	21.71367974	
He	37.38453711	23.85704495	26.02742003	
He	55.43988724	45.32308747	22.94075293	
He	7.656758479	34.63664958	36.24211201	
He	41.10650106	11.46804471	58.85844019	
He	37.98365707	47.34065317	14.29472387	
He	50.76208956	44.21329943	18.13384456	
He	58.65282846	58.98681541	10.84770492	
He	3.165711926	30.15301987	37.30470364	
He	15.87550442	49.95891291	55.01876929	
He	17.3523883	37.24437139	56.38744363	
He	63.94819839	49.96791905	59.97040878	
He	13.86304906	25.19123789	15.51445407	
He	8.06435846	52.54855219	14.8142769	
He	37.12078847	6.150843776	63.34287165	
He	3.040540855	61.70533886	4.149188269	
He	38.38442172	22.99889434	4.03433998	
He	11.56178275	63.81407821	42.69585	
He	26.28916466	35.05599059	50.43492594	
He	50.01386651	52.65151549	35.81118357	
He	39.58494163	53.57934932	64.14376975	
He	58.90185518	1.385931279	42.09887258	
He	10.10762636	20.25604542	8.382323433	
He	64.61829007	62.55029833	7.905092266	
He	36.26641661	21.23304702	42.43572374	
He	4.525670463	49.3449736	28.47302977	
He	35.38946088	62.19947397	10.20910828	
He	64.49396565	32.63257064	55.04812305	
He	6.119732616	30.060042	44.11331535	
He	32.14115855	60.24085446	58.05372243	
He	13.41650493	39.43930612	47.27363975	
He	2.444692337	42.19463351	27.32532637	
He	32.88852278	50.78065073	67.08757689	
He	24.69630646	31.98104828	43.98085628	
He	51.81004661	15.54899882	33.28325394	
He	0.8984248103	54.57426595	47.91160135	
He	47.44943541	4.27598555	3.123618319	
He	36.25264473	9.736537115	37.72260883	
He	64.90871488	43.88229059	63.75860937	
He	65.71160399	49.84313632	20.64128043	
He	31.57983381	44.43918874	10.32236838	
He	42.93122143	37.80106908	23.14632184	
He	17.66771855	44.23819156	66.44865868	
He	5.261691204	4.290980082	43.45070594	
He	54.54926484	26.58853293	57.21724526	
He	33.04931963	64.27945741	17.55890852	
He	18.66306671	15.44434161	24.08216105	
He	11.24792191	64.60756007	50.5423042	
He	60.49855019	52.78379462	0.7271988579	
He	19.57770784	33.21575977	62.7786059	
He	9.752712694	28.39130254	61.74453025	
He	34.52404919	39.75413343	49.14099116	
He	18.98837829	55.37854228	18.88163222	
He	35.9951779	39.15251955	16.54750829	
He	52.80687693	44.49049165	55.50335711	
He	32.9953805	64.03251847	35.03068337	
He	53.90751768	56.7448164	65.09774813	
He	5.69886041	41.57816304	60.54130083	
He	7.231573116	56.42537594	48.6706917	
He	22.41451998	55.59950242	49.14273426	
He	15.70155475	28.71879804	56.07526629	
He	55.42919918	1.362665562	48.14613265	
He	40.60732086	29.10371977	43.99277827	
He	5.018462911	67.95984432	49.25042742	
He	44.92728161	0.1536857357	22.1462501	
He	5.384309989	39.80660592	14.3194633	
He	41.85800362	47.64090652	60.39940936	
He	19.50048566	64.25250308	42.81330093	
He	62.14007444	26.68977218	1.204009732	
He	16.48797284	20.2231201	66.79584825	
He	8.968994993	48.8182423	7.669247934	
He	67.96243731	53.67798171	26.09449739	
He	28.50296632	23.32584411	65.25012175	
He	53.92009017	64.04272326	4.95291864	
He	24.56650553	36.4515451	67.9907377	
He	49.42719882	8.364455562	27.89995535	
He	49.60240934	1.632805428	16.80316162	
He	63.5340055	9.313856013	31.60808541	
He	58.57884145	31.4741477	59.41504183	
He	60.36341238	6.414125048	45.90148555	
He	26.86603489	32.46502037	31.8802313	
He	43.41294591	24.22608952	22.55141732	
He	29.36786878	37.47122388	11.90220813	
He	29.46431197	31.24789212	54.51812788	
He	29.3408699	14.45845811	32.41693304	
He	45.0601861	17.0925262	32.83199458	
He	7.228189889	56.41970527	39.92177007	
He	47.33446368	17.36487045	2.037526553	
He	55.92557234	3.635590701	35.86427747	
He	40.84132554	49.75169556	20.39059985	
He	32.58654618	38.72097388	63.89595844	
He	57.80404774	6.681833326	27.61057214	
He	49.72916348	65.80426028	65.49043457	
He	38.41480467	14.87211915	31.7976	
He	52.47518231	20.4663821	60.97866085	
He	8.552277275	36.67689783	42.17637002	
He	12.63603801	65.31475122	35.54033898	
He	23.64860439	6.309633869	24.88895963	
He	31.35471767	38.6775467	34.29578194	
He	0.7697330908	20.80803691	45.32416772	
He	48.49511983	40.23192672	5.483706695	
He	34.30750458	2.276883834	24.38815898	
He	42.36824677	54.0346901	27.08043778	
He	51.20537186	30.91617219	50.74403954	
He	1.67117757	20.18655869	58.42831183	
He	26.17946271	26.11167055	41.36017785	
He	58.84288633	36.82386346	40.34782033	
He	14.37645297	58.69387465	49.26606686	
He	45.37667352	50.34972341	15.20758997	
He	27.09607653	56.9026352	43.57704685	
He	12.94477905	61.26381258	13.74861646	
He	9.436914286	20.79160031	62.68374771	
He	24.66603797	12.96478034	25.47915638	
He	19.3227378	0.5202519852	62.5422074	
He	56.38551222	36.34474956	46.68136816	
He	30.2270834	6.499186414	38.73668437	
He	41.81163257	59.66183265	3.930252232	
He	26.48128808	35.61656361	24.96472966	
He	10.81586908	9.111065192	4.199607572	
He	23.73705338	48.59683626	49.38671234	
He	59.55434444	30.73377647	42.69487188	
He	40.29605652	15.36520202	3.383364624	
He	24.35196092	41.03288226	46.39092535	
He	35.08559042	8.752770257	55.11367585	
He	49.12057921	46.08404983	61.56897435	
He	35.37641795	14.78505285	60.16086219	
He	49.12246385	38.0453207	45.78865813	
He	31.67563937	36.32088581	2.644497677	
He	62.49793933	27.45409198	9.10011578	
He	12.71660307	1.231936088	55.59613195	
He	2.254281744	56.29732546	66.01457113	
He	0.3388282966	43.76748232	40.9509381	
He	59.61375841	44.2875122	30.10005133	
He	63.7957415	1.572368981	36.36446445	
He	31.75895696	12.40438949	9.277150131	
He	41.71939305	57.26565798	40.69202507	
He	26.49620581	32.88326446	5.579571854	
He	16.20555523	48.1551628	5.603394506	
He	5.662652915	9.250985102	55.89442849	
He	43.17398379	33.39587416	30.48001428	
He	34.66006428	3.419090237	46.57761791	
He	64.93282791	21.82187435	16.5336139	
He	64.52284697	25.77128228	24.41634293	
He	5.020484367	47.95918525	53.14636836	
He	36.84570078	47.4749757	5.740792814	
He	14.84853643	13.96419487	18.43400789	
He	32.36405993	57.24112373	38.86711335	
He	19.78016049	51.3946028	0.5444950006	
He	12.67304371	63.46678896	6.737641621	
He	9.202369428	5.340770178	50.74993953	
He	3.538920892	65.27283014	40.80270895	
He	27.46539168	43.33927028	16.35524158	
He	0.3887841927	49.52603345	6.2769575	
He	57.98577113	66.03461356	12.47807871	
He	4.392121796	33.17041591	3.564160503	
He	32.30565101	8.159997172	30.59729284	
He	4.373944081	65.06657533	62.51373808	
He	66.95238813	58.45201531	42.30738178	
He	65.34543922	1.067202226	17.36030167	
He	17.30381868	35.40818736	5.464315453	
He	9.819921674	52.51885215	59.47927498	
He	37.78046258	36.90398937	55.5736522	
He	41.51121421	5.933739863	0.587724343	
He	48.33075981	22.22277012	53.55263996	
He	23.7014677	67.73555622	6.991548713	
He	46.07991942	18.92847155	18.64248656	
He	15.05191919	18.05013034	60.23874946	
He	29.93780186	50.79100459	48.44074528	
He	55.45348459	48.48993727	15.70404783	
He	22.01464559	67.14557784	23.38780081	
He	64.39999356	58.19314816	22.91135513	
He	0.8942257765	26.4305435	47.85813282	
He	48.72703199	14.91194884	27.12417752	
He	29.92553996	66.36150388	6.735215039	
He	19.92330412	29.88708535	39.10985599	
He	54.44429831	7.329933846	61.77794092	
He	30.68234742	46.63156518	21.67909306	
He	57.76361374	52.69474087	39.45627302	
He	46.25685338	31.43498547	20.95243502	
He	67.48974746	15.37416929	33.11248967	
He	47.49594646	11.10155603	4.298759475	
He	29.17997339	8.515171387	50.23852242	
He	27.37954702	18.43541094	12.75849464	
He	43.51303366	20.78848891	44.26972618	
He	40.00609281	25.90608913	17.46035121	
He	62.3573878	56.75771545	61.48267514	
He	36.46472211	2.035348417	53.244964	
He	37.23241674	39.65946676	4.096244528	
He	36.76444074	25.72761632	62.4205364	
He	1.370353624	36.41854622	9.589058669	
He	38.35479899	9.488512716	44.93533785	
He	33.26995607	34.82882481	26.73170082	
He	33.63891095	26.26210908	55.02518483	
He	55.90869831	38.60428833	33.57531593	
He	20.1469371	48.5964363	20.90750732	
He	28.94219635	67.70257375	38.63250746	
He	41.59612736	43.12508633	49.44481246	
He	23.88303537	63.28098078	32.20791098	
He	67.73803254	6.653917087	3.696111037	
He	25.62275678	56.77520277	31.5381242	
He	60.01408435	12.97143968	52.17099638	
He	55.54403659	42.06403206	49.82373558	
He	36.10150653	47.21751313	27.88639184	
He	52.96593882	50.48372412	1.358733195	
He	16.21523749	21.33788719	44.61504328	
He	0.2973391495	44.64165261	56.85216579	
He	66.77869465	50.56598783	66.22173065	
He	35.84059882	55.33743226	2.512780666	
He	30.09566853	66.43313588	66.59166526	
He	34.77374911	63.69699642	3.755853223	
He	66.4102979	42.41776393	10.03734027	
He	59.55191245	31.94612021	4.787356565	
He	35.98933385	11.35443561	66.63708322	
He	15.94087455	59.19202553	30.75413786	
He	23.53402423	47.09181972	6.535823499	
He	63.48657941	8.620984999	63.74171359	
He	33.932709	53.6663278	57.46303628	
He	62.63568882	46.65307628	13.67447739	
He	15.58299116	36.47325008	24.44521075	
He	37.71454717	44.80798547	41.96527845	
He	46.63049524	49.05503743	53.74980359	
He	56.97215655	10.76117658	12.14494555	
He	6.87235363	45.80646409	34.97151345	
He	35.78443843	2.293357152	38.49193242	
He	6.852859339	43.27398125	44.41509134	
He	7.657569785	55.82941057	24.01456652	
He	12.71396694	45.60241218	47.10702733	
He	44.96399074	8.888242634	63.75771461	
He	6.807645034	3.83696508	5.920368414	
He	57.23962858	45.72241879	67.03613165	
He	17.49790946	50.986814	62.15770072	
He	62.17386479	17.10416239	57.48836214	
He	11.59788055	47.2516808	64.03189734	
He	37.43691197	52.4970766	31.40596655	
He	56.30080479	31.79182283	65.7650935	
He	51.69822033	25.34243889	17.28382691	
He	56.65153208	6.266161961	53.74055061	
He	67.49272787	32.21571439	23.89431714	
He	7.568485359	29.60515314	31.10754586	
He	46.02817397	1.079533512	40.40719491	
He	57.30001589	65.32173527	54.65017762	
He	49.74302992	44.40743117	27.12540113	
He	43.56345163	58.28294134	19.23441427	
He	26.98542055	61.27813211	53.15370511	
He	64.42188995	39.52607869	42.36468159	
He	55.79312953	56.98380424	25.36197967	
He	30.46353021	19.05079193	60.35188938	
He	20.94320009	63.11993477	49.69361228	
He	17.45629052	37.62392714	67.07291019	
He	38.99259317	67.71782384	14.55714249	
He	64.31516477	61.54171774	56.94830448	
He	20.7437192	49.04308247	37.77457951	
He	50.79745151	67.4649247	54.31054974	
He	27.43119935	26.14017675	26.60034761	
He	61.17076876	18.16591231	65.08135954	
He	58.80113761	40.07101948	10.75684829	
He	39.68996719	36.57855816	44.28042168	
He	5.841535647	29.83748195	9.573412635	
He	48.18939045	30.62483812	34.73700022	
He	18.19217028	44.8387127	27.02074202	
He	46.92205316	23.81053472	32.81295426	
He	66.44980085	39.29911999	15.91909501	
He	12.82072632	28.34646487	34.55597712	
He	27.2608522	67.23251778	13.27358794	
He	39.78492335	29.01378933	57.00582811	
He	34.70117225	30.18445121	39.64234485	
He	18.01676178	11.41764228	8.522181116	
He	48.40439399	13.64347694	60.00628117	
He	26.15185668	40.9958273	4.292374277	
He	18.86255375	7.945972865	15.84492962	
He	51.31334272	60.10294281	32.10411215	
He	26.25202878	22.58950907	52.54553772	
He	51.8744863	16.62915659	54.91682349	
He	39.34847881	62.09593451	36.13415251	
He	5.309914387	17.30496857	36.97436415	
He	4.06136037	0.8909359025	15.9451409	
He	13.63272984	17.80617968	38.80574674	
He	3.832753437	23.8176379	64.4679038	
He	21.02166907	60.86828528	0.8549427496	
He	39.90144142	15.30703757	40.52686729	
He	23.76428265	27.05657373	60.34928341	
He	64.02241748	64.50167312	43.17622013	
He	21.8411014	49.10642314	30.91926331	
He	40.54162154	5.160838855	24.02509015	
He	3.144126431	0.4131791122	23.58538882	
He	46.78763524	28.2048118	28.12052082	
He	30.94182931	50.61536698	42.10231887	
He	41.24666754	4.775977479	9.471152625	
He	11.30686724	48.07586431	25.66706565	
He	34.5190942	56.06662325	44.74399121	
He	1.970169542	55.79906021	17.59745014	
He	15.86830822	56.5154767	65.94872555	
He	29.19797391	27.49470983	49.15625081	
He	48.20177383	12.09968929	37.11214412	
He	48.79907323	5.585259035	33.97551537	
He	12.91102823	54.65353142	11.12490083	
He	22.93869881	20.49053481	61.73548511	
He	30.54212112	58.00723042	6.406970605	
He	42.70779665	34.73796712	58.41220255	
He	36.98531278	51.63892658	37.9858644	
He	27.6641133	2.50175768	29.87656718	
He	65.35015883	49.00114346	51.70769213	
He	17.71378631	65.4863106	11.16816075	
He	42.19964965	12.70208971	10.04543683	
He	65.38554276	2.662655045	44.23408973	
He	38.01480061	11.10542337	25.07486543	
He	50.99207844	53.85579334	55.38209266	
He	56.77538225	33.80498804	52.71241563	
He	35.64312595	9.254910071	14.0759789	
He	42.62667724	29.84139626	63.98998083	
He	50.63615372	22.75325841	11.96818514	
He	37.01424243	19.83477521	55.59634455	
He	32.38573278	15.61625622	51.78986304	
He	57.20092929	53.87596896	18.99151175	
He	55.98336039	12.50347819	22.98947797	
He	38.32079446	58.18540029	23.89513356	
He	9.668717094	49.79931156	40.1647777	
He	7.501427182	66.28812028	0.3151117963	
He	51.81929882	50.23956191	29.90645407	
He	43.50130632	43.32486912	16.95405359	
He	23.76252067	24.12504993	10.95536582	
He	54.73853956	35.40051189	25.36578891	
He	62.59615262	43.97521227	19.97406792	
He	29.40414945	51.74453	28.30004478	
He	5.916101934	14.58463741	10.36151539	
He	24.62150125	54.04940962	37.5027174	
He	24.18371075	5.195602791	12.18585786	
He	16.69167048	59.93325294	23.63941416	
He	22.53676693	40.98379016	9.891413191	
He	37.6321261	67.85859577	65.78356289	
He	23.36506077	7.673199452	66.54652135	
He	21.2728696	39.69717337	62.28082964	
He	28.92358633	30.61706818	67.58474272	
He	32.49371511	14.58153579	25.78391714	
He	20.40376201	60.23765329	14.96422377	
He	24.00798953	19.99373641	2.521099733	
He	15.2595729	52.62307172	28.74638614	
He	67.35384931	3.055137256	61.08866825	
He	46.39114289	26.73775315	40.89846945	
He	60.94269478	14.11996961	44.91824373	
He	31.68947666	22.49839029	36.19259103	
He	17.42628278	43.267339	50.86710263	
He	35.63201846	18.29020693	65.60240564	
He	3.165698568	48.8237254	60.78053058	
He	6.901215489	59.55838822	11.52853299	
He	18.72731319	56.54876131	42.7583687	
He	52.617369	14.54865948	42.95775264	
He	57.53985509	65.51835174	37.11588252	
He	16.92502767	64.05209092	55.17637203	
He	66.19425108	38.32051623	59.16274253	
He	36.8977191	31.72860101	0.8340552858	
He	64.92039148	53.13907328	38.8870146	
He	41.73302319	55.65614583	58.51380979	
He	19.72043417	20.7452156	56.07480422	
He	50.40883304	0.7407656294	8.46507912	
He	59.42028211	54.43866398	53.86761322	
He	35.65772768	1.426167865	30.88297737	
He	59.82050838	47.77318618	55.87708852	
He	19.9034169	27.61510376	15.40236162	
He	16.15981702	7.543346619	37.15369833	
He	50.35161991	50.59278976	20.02474934	
He	27.79107363	32.71834165	61.0645443	
He	10.02582782	7.225402178	11.81926874	
He	31.87765175	56.35722048	51.04592735	
He	59.66935941	34.14668091	30.26865216	
He	13.93406931	50.64342632	19.62630855	
He	54.183685	17.46455177	18.73110722	
He	17.9967106	15.28883796	45.35925959	
He	38.93772609	46.31297436	66.12590511	
He	45.34903646	64.19057223	16.7471001	
He	62.62049281	23.32555183	43.63421606	
He	40.35813662	27.84220492	35.79874963	
He	23.71974981	47.99877479	60.19390253	
He	13.52127104	3.585932291	32.37167328	
He	62.41101365	55.20000547	45.07061821	
He	12.61817037	2.673889783	3.224911498	
He	32.04946205	57.95725972	30.31553122	
He	56.86212869	38.19661906	19.27432392	
He	54.14677363	26.37854754	38.36059471	
He	20.21513252	6.863498559	4.495986377	
He	35.11881069	30.40681729	16.07245276	
He	45.91693044	31.06664766	47.59661723	
He	61.02753697	10.45782874	18.55087748	
He	22.76789807	32.88228035	55.95626197	
He	33.77179481	21.11376663	16.58722661	
He	63.9138687	38.6996537	26.67700833	
He	33.60495321	3.850769455	1.75605994	
He	0.5804955918	57.18906317	9.771536126	
He	24.0730149	22.12869392	46.18395187	
He	4.162463277	62.53464305	34.04405058	
He	33.33684649	62.48426166	48.92444718	
He	20.54339181	3.79779426	30.84459301	
He	17.09199352	51.6754334	48.97139431	
He	61.47599832	59.57599657	38.67818811	
He	38.68499027	40.63298323	61.85186115	
He	48.80842861	17.49130902	48.68843101	
He	48.8006251	56.77357228	42.77107656	
He	12.34143777	14.23054145	65.6187382	
He	59.19963943	13.00163879	5.168712276	
He	21.50869633	21.19468379	26.6123933	
He	17.79447973	22.89015118	37.32617673	
He	16.64895375	24.58026177	9.458935613	
He	21.28610119	30.36743407	24.87569577	
He	37.15609774	35.74461789	33.6976558	
He	44.12420614	0.7641797583	53.08500032	
He	58.61978106	8.107045089	39.92424039	
He	32.33482001	26.07440264	20.93472396	
He	27.2903182	19.84261975	22.64632716	
He	45.8931077	1.40936013	29.09572249	
He	13.24455293	40.2345651	62.74216116	
He	57.57829126	46.34677218	6.870509021	
He	26.06199451	54.29198947	55.1844094	
He	41.55446724	6.917879688	15.80314059	
He	55.5456678	18.60957001	27.28841192	
He	0.7981217169	33.07645143	49.10188341	
He	56.60265113	5.386600295	16.88503217	
He	62.69365567	12.69540938	36.84356342	
He	4.791030684	22.4478531	51.45684781	
He	66.88609595	14.46578046	9.059855403	
He	25.12405764	44.79923916	24.59801331	
He	63.92578166	0.02195439432	10.77080223	
He	5.474152902	54.42391532	5.123846079	
He	1.002499561	67.90530491	54.57492621	
He	56.00992239	31.26920042	10.6505105	
He	22.84285531	6.12276996	55.33282949	
He	11.86436613	66.72478507	26.30608924	
He	48.22369859	66.99678523	46.57242808	
He	30.37935448	50.58649307	13.83358944	
He	32.19657315	15.52899459	2.377516203	
He	64.23207559	61.78388139	65.14026156	
He	50.06853408	67.53085779	35.11263004	
He	4.787810334	26.1926734	57.12867192	
He	15.83836812	7.187183871	66.40015906	
He	53.57007667	8.425827377	6.349312853	
He	59.75900247	5.507119133	2.47859079	
He	45.58356279	48.36669062	66.89802264	
He	8.533201161	59.13903639	67.59321858	
He	36.68283576	34.88827134	10.5813966	
He	15.74763797	26.45020148	62.95018595	
He	54.88104371	67.74199625	60.70978572	
He	25.79912768	26.90629372	18.88249191	
He	63.97522319	50.18050783	32.21837548	
He	58.91002905	50.61722794	25.99973374	
He	27.09264655	15.44975363	66.04978479	
He	57.05297708	62.38969682	43.98938533	
He	54.09012987	18.37401306	7.65057562	
He	11.73546426	43.7277663	55.10158063	
He	2.347821697	16.07650894	15.58018174	
He	47.97152762	25.17090707	60.94859498	
He	47.16079232	11.30136332	44.05558098	
He	36.4619533	24.82246576	10.7514197	
He	52.65219451	56.93981156	4.749724924	
He	44.86595994	42.49918123	42.77019915	
He	52.82190672	42.34383156	40.72167147	
He	47.10352884	43.69855046	11.15076896	
He	51.7387402	37.59625746	58.17261052	
He	17.42602913	3.080103372	51.36306942	
He	30.38510312	49.99272466	35.14362577	
He	6.472681204	50.0239606	46.40762514	
He	49.81673578	31.96920184	63.43669413	
He	43.03333269	18.63106129	25.74143991	
He	22.7740195	33.50272288	11.9607598	
He	17.55479236	32.44999384	51.00711571	
He	49.32105345	24.28233061	47.108248	
He	11.56073133	34.04506668	55.38087296	
He	26.67435864	2.747060327	1.842127312	
He	42.36871862	19.99443149	60.07249726	
He	50.05515646	21.82810708	25.41379395	
He	38.65315028	16.50442371	47.40320777	
He	23.32935385	55.0359092	61.69633163	
He	63.85301167	31.89697374	64.29183268	
He	3.098630352	21.51969574	20.63119137	
He	56.97567311	51.2338232	60.79399667	
He	54.56837085	21.31659279	0.3223463533	
He	2.92508472	14.95811216	42.91470842	
He	1.565590224	10.03595496	24.66999328	
He	42.66842548	29.3064137	10.19241432	
He	1.009860877	44.58776507	48.02856833	
He	1.318092469	44.81690312	17.26118081	
He	25.72669099	62.49535991	63.35991026	
He	29.34080013	48.21643652	57.5426288	
He	36.80159224	40.28865642	27.7305114	
He	30.17880548	19.10233468	44.46594745	
He	53.42591962	6.195591512	43.0126845	
He	12.58513308	43.0710305	39.25568431	
He	67.3509965	15.42643228	62.75644893	
He	12.07231913	52.21738434	1.485643547	
He	53.70308765	35.72048449	6.101318213	
He	57.25266202	47.50774933	43.82883051	
He	44.41036832	49.19688335	32.82721393	
He	36.11535197	0.7754487717	7.977822941	
He	41.42392971	33.53882868	15.38397082	
He	64.74797104	64.5259706	33.1742119	
He	2.819179561	8.060367887	10.65526724	
He	60.36361381	0.4062161673	29.27843339	
He	43.37817849	22.67764663	67.09173368	
He	31.62124783	44.96108698	1.306042692	
He	52.41561055	61.40805626	13.04896013	
He	52.20774834	66.82575026	40.92756629	
He	63.62622741	45.68114472	1.965169804	
He	49.06188729	55.87049119	26.22460751	
He	48.83315204	34.49625666	28.06385372	
He	42.66625983	34.01101759	37.36462272	
He	8.047376403	34.9678622	62.2744515	
He	43.69920767	6.638294628	38.26583208	
He	63.04017326	28.3567651	16.44702746	
He	21.52117931	13.47659779	1.970872176	
He	63.52821409	2.23905807	66.78027927	
He	14.08761201	9.669504766	27.57860373	
He	44.61419883	56.33798082	33.59651282	
He	10.48579768	35.69979285	7.377445398	
He	54.54927835	59.27923576	38.69392816	
He	66.30144128	56.95071323	3.10981467	
He	53.33017678	40.26139866	13.71486621	
He	16.38248229	32.23778007	11.6374484	
He	60.48362982	32.1777344	22.68124929	
He	22.88763725	66.54683105	56.37053603	
He	0.07026587207	22.30623624	3.256855012	
He	5.933778278	15.2505869	62.03335449	
He	24.50651901	46.92260288	43.30528891	
He	11.51111866	22.6007161	56.17350038	
He	60.8086026	10.09924237	58.27659984	
He	58.88441304	59.0901758	4.483068637	
He	30.86974962	12.78994823	17.57422892	
He	43.376765	9.074640707	30.70423614	
He	66.43005903	22.44585587	31.53589027	
He	44.81181206	49.5814919	39.62785249	
He	23.62440386	42.64494982	56.09704876	
He	39.36196376	64.69916388	47.11657853	
He	13.01002492	25.39910683	49.45527625	
He	16.14199465	2.98318539	25.17279139	
He	43.57458776	41.37558016	29.33916049	
He	31.20873176	64.82213008	28.04784551	
He	54.72928769	32.69843364	35.96550161	
He	64.25733238	19.34468884	50.59095681	
He	3.41168852	37.87724929	20.59341034	
He	39.54981029	64.09645321	21.33345275	
He	48.88615649	5.127975742	49.30073611	
He	2.935323677	33.53424709	56.21745109	
He	68.00969539	44.8899143	34.03772871	
He	31.89583825	4.655545256	11.3134107	
He	4.08688402	36.00563253	30.31209865	
He	1.293915178	36.82896994	37.26868814	
He	26.6097312	50.78075045	0.1279261655	
He	10.32405901	3.503229995	19.03975113	
He	60.85584985	20.86289801	10.0814654	
He	27.07095462	42.95413769	65.18085333	
He	49.2599073	33.70292915	1.862092491	
He	17.19965423	55.38398252	5.112881377	
He	65.87735439	15.93157948	20.12315715	
He	60.41468872	61.0069622	28.63814827	
He	52.54978329	55.12770915	14.08989964	
He	21.42557892	53.45312565	10.91631607	
He	18.55711696	33.94483454	17.77824909	
He	4.466127727	58.14702262	60.16500778	
He	38.49216919	64.18451167	58.34233216	
He	68.0255176	63.80765713	49.01780584	
He	50.38548833	11.74746223	15.37104576	
He	34.6501736	60.89491879	65.23866561	
He	2.369604759	38.33251128	45.26293688	
He	31.27261002	40.15531439	22.62173479	
He	1.716343553	29.99154847	61.98926751	
He	14.93058726	65.7611811	20.57561946	
He	58.15687344	43.1344728	60.39326925	
He	41.88625019	35.70331683	66.11728583	
He	12.82927494	25.99089041	27.24981336	
He	66.63763666	30.36851709	4.197482146	
He	30.13126415	38.35032379	55.7751197	
He	56.36296733	10.21914151	33.52248372	
He	42.04254141	3.825281734	59.34996715	
He	7.468954811	25.32767867	13.91969879	
He	57.68358721	39.27643107	0.8925778544	
He	54.73848202	26.97051469	23.2107392	
He	40.36503157	7.082614227	51.11124696	
He	10.44543261	36.912212	19.19642444	
He	47.70478794	61.75071341	38.05037541	
He	2.064655353	1.2023363	36.21312805	
He	47.52865107	38.23142362	62.87578422	
He	22.00816581	26.38471355	67.42866408	
He	33.7775464	28.23729298	31.50817323	
He	61.51292219	15.14985096	14.6934596	
He	24.8884613	12.05773526	10.64874089	
He	55.20954025	2.027339772	66.93131489	
He	52.74477403	33.4397198	17.65462451	
He	1.002173232	67.09333706	1.008012366	
He	20.89292925	29.06654247	6.399956074	
He	46.79533604	49.01773206	5.725639991	
He	5.314281263	41.79006855	6.432612776	
He	46.73465528	41.27843967	56.42716435	
He	18.96443163	0.7683570502	1.882091554	
He	34.29180249	53.06482282	23.91115188	
He	27.03568692	17.53214552	38.40256008	
He	49.02088961	39.28470302	23.31680823	
He	47.03536945	58.03371973	7.874136615	
He	63.80244624	14.78110187	26.04882121	
He	29.50623501	40.29457305	28.8460943	
He	5.859745361	62.393978	46.02198829	
He	26.76295741	64.8752078	44.95680765	
He	42.18155816	60.51204309	65.00425659	
He	1.176380913	22.79111386	38.56716094	
He	20.76821013	36.03300812	29.20801476	
He	58.02815164	4.3369854	9.684927426	
He	46.07522045	28.79848607	55.35078835	
He	19.30305903	43.21519249	35.41098688	
He	19.70131176	0.7943947769	16.80895676	
He	32.75314049	22.38189833	2.129077506	
He	62.13557006	41.51181198	55.11002196	
He	56.30040402	60.37593701	59.88829157	
He	67.46559085	11.19082006	57.61189868	
He	50.5971594	44.03772426	67.89991302	
He	42.357499	35.54442688	5.121473249	
He	40.47614705	50.36503262	44.74634382	
He	47.88084389	57.15046419	0.2412435033	
He	42.8071197	66.32813673	8.812809442	
He	35.60917315	33.40448629	60.88659618	
He	7.161165677	33.66485694	14.63967348	
He	25.69853524	34.12090711	18.26592943	
He	26.25004074	60.83667569	26.46660099	
He	38.88110724	45.96138731	34.20295467	
He	60.00470699	66.86770943	4.630401573	
He	20.29720846	13.41910665	37.41859323	
He	43.1086917	56.52889914	46.96514343	
He	16.14205079	38.79702958	13.85105669	
He	20.82074868	56.2052562	27.01950848	
He	22.24087655	14.09437488	18.35458835	
He	64.93101082	48.90900015	45.18060417	
He	17.44743594	12.82700996	57.60178661	
He	50.62133371	32.47337002	42.72670223	
He	18.34819127	43.35193306	43.04728736	
He	19.13854573	18.39320417	7.248972565	
He	65.92254878	55.43947095	55.49318763	
He	19.31696794	20.2562928	16.34217844	
He	64.27696292	5.538219162	23.10176678	
He	38.0341703	62.57997282	28.83744538	
He	27.90860792	0.9352920821	20.62790817	
He	6.100632276	17.74698589	0.9080201722	
He	58.99762452	23.71585536	53.14730742	
He	64.31761695	8.140297156	10.16518664	
He	57.49126	60.52787092	17.735462	
He	9.529040232	60.3951425	28.68292949	
He	46.59087123	64.12071905	3.288267542	
He	59.09516474	21.13243028	21.54650529	
He	25.99057527	37.79329839	40.8393239	
He	43.86332742	0.3086918652	66.66419668	
He	33.35396347	45.84214922	62.40138575	
He	51.73106432	59.44140578	19.48637358	
He	65.36420133	38.58594631	3.858267142	
He	47.25855699	62.3012519	24.04636	
He	0.7805815373	4.702599769	29.30320697	
He	4.358538729	25.75149966	26.41821757	
He	21.46833257	40.11314692	19.11373821	
He	57.21924851	62.94346996	66.87684221	
He	34.22299665	22.88933488	49.17133076	
He	48.73334799	54.15333424	49.08489536	
He	6.97892623	48.84710898	20.61650368	
He	67.04263388	32.22433199	42.0279187	
He	28.90216438	57.05205701	66.2656816	
He	5.559421658	63.5780689	56.01536023	
He	17.84348629	56.54729049	54.8666237	
He	27.69747366	60.16857065	12.47940025	
He	35.40939491	43.10291614	56.56590752	
He	61.17158492	59.84796209	49.69223548	
He	55.14742206	19.31584402	49.62344204	
He	15.37205298	42.9226743	19.43268578	

%ATOMIC_VELOCITY in Bohr units
He	-16.93945525	1.379773727	4.635351101	
He	6.153866388	7.347621427	-10.44733591	
He	5.048121621	1.21247461	5.82316462	
He	1.827509239	5.501803015	-1.030555023	
He	-3.424067728	-14.07455043	-0.5484727057	
He	-9.481996835	6.638714934	-3.779113244	
He	14.64322873	-13.09666676	-11.08537939	
He	0.681192466	-3.621466288	7.519976368	
He	8.217970738	3.355541718	-2.840874985	
He	-1.834420796	0.05026887034	-5.647502591	
He	1.722288875	0.3092958523	-4.588044747	
He	3.076009481	10.10619191	-3.008610588	
He	-16.35625076	-1.452786533	9.118858887	
He	3.220915748	-7.033749299	-2.147931114	
He	2.999865031	-2.764071651	0.0005861435026	
He	-5.048805187	-1.050265509	0.7867712221	
He	15.05997242	0.03392098567	9.83696802	
He	-14.25250915	3.364898097	29.24557063	
He	6.917549456	6.489760663	1.844890724	
He	-7.859373586	-9.667068687	16.74595503	
He	9.84195229	2.335843333	-11.12863941	
He	4.438457212	6.591939036	16.85345202	
He	-5.232007757	-19.6022723	4.238703006	
He	-4.116031975	18.37076781	-6.321658356	
He	-6.991999157	9.632631236	1.327247994	
He	24.05872968	-9.635713248	-2.563961562	
He	15.30334883	-1.131469757	-5.824672742	
He	-7.942304458	-0.5642656713	3.883226914	
He	4.12573414	12.23145961	-1.671273677	
He	14.63115437	4.128260749	-12.09523444	
He	-2.095309361	0.6934031119	13.5541369	
He	-6.466031624	-7.680194868	-1.912645876	
He	7.634483162	4.12190473	13.97584086	
He	-11.34581907	-0.5643064779	14.86892724	
He	1.686087309	-13.17950226	-6.233101563	
He	-15.1412254	6.025416229	-11.32084966	
He	20.96489549	6.951368521	21.39748189	
He	0.5691136486	5.765884982	-1.096599729	
He	-1.95593547	12.27534277	-12.63589932	
He	7.666738377	-6.188122225	-13.61968541	
He	5.59890921	12.56500826	-1.895693788	
He	-3.860313809	2.770591986	9.677252403	
He	-8.536600477	1.493944989	-8.886698349	
He	-17.12809975	6.725675455	-3.471590537	
He	-21.55586282	4.240997597	11.94606086	
He	1.601204651	-8.903611383	-4.223648361	
He	2.112304957	-14.49846531	13.15162555	
He	-2.664188899	8.774394136	11.71690573	
He	-6.850512806	11.04400532	14.82572698	
He	4.771794776	-3.311458541	1.284657644	
He	1.517667749	-4.846474089	-16.29567731	
He	-0.06724258072	4.917638169	4.687106625	
He	3.947499362	-4.007689178	-3.498345617	
He	11.1142844	5.560932046	-2.181541178	
He	-1.197527592	4.721170532	-5.731907015	
He	-7.093495547	11.18824648	10.10614084	
He	-11.94450558	12.62212156	-6.23543671	
He	-9.461002529	4.028858976	3.692590982	
He	-5.018161328	-5.907634158	23.33054131	
He	-10.71050993	-4.291061197	0.1299490965	
He	-23.30245933	-8.249502839	-1.024319158	
He	15.8974492	14.5963085	-7.775574106	
He	8.745839225	0.8564476593	-1.049823424	
He	-0.9959817073	13.33356737	8.866541087	
He	-1.030318133	14.28161858	2.328720872	
He	5.836594844	4.869387374	-0.2978895026	
He	-4.566142184	0.6688243584	2.746193224	
He	-10.13430288	-2.273524845	-0.7468677114	
He	2.810795164	4.061236601	-1.034159709	
He	-2.141334553	-12.14828654	-18.48817504	
He	6.481122869	-2.919201289	4.155297737	
He	3.895815166	-11.6295401	-3.043861055	
He	-15.69720847	10.80916604	7.45170536	
He	6.439516166	7.051633591	2.826493138	
He	-4.90020332	-11.73094618	-5.785786465	
He	-8.899947991	-0.864446912	23.87086489	
He	-23.01008674	-15.86245614	5.820333043	
He	-10.35653359	10.26809074	0.2000973187	
He	16.27158405	-7.168716699	8.267157569	
He	-11.25747147	-10.7588598	-12.96736388	
He	5.04989191	13.98751656	-13.41052244	
He	-1.775495178	-3.659398551	-1.165651307	
He	-15.5695738	-6.483535565	2.555863071	
He	3.722587827	9.576824753	-10.40319181	
He	-2.471422214	14.08211292	0.0003646191056	
He	-15.97024147	5.564735391	-9.187118114	
He	3.467703863	3.761554996	8.006589491	
He	-1.669987592	-6.133285122	-3.616526082	
He	10.41032454	-3.774599532	12.63423597	
He	-3.004955213	-3.732266691	1.950168894	
He	2.0538211	-3.521284928	5.41987314	
He	0.5333678114	-1.558592499	1.707367947	
He	6.397167145	7.126169562	4.01197899	
He	17.3898963	-8.634137295	-2.527189417	
He	7.571547102	1.837113784	-5.023824624	
He	-3.686506695	-9.742586438	9.427910279	
He	1.187339834	11.28616446	-18.02505914	
He	-3.69161676	-0.8409607073	20.53766724	
He	-12.21645506	1.266774568	-13.76071436	
He	-12.99223081	-14.56635256	-2.036350484	
He	-8.59054961	-1.246139945	7.084075482	
He	13.20735444	-6.757724184	-1.41743802	
He	-16.29853759	15.9841793	7.203547992	
He	0.4309034291	-3.334258616	-2.652124804	
He	-5.99897813	-1.40849757	-15.08930599	
He	7.646571906	0.8625162332	11.87565628	
He	-11.97305421	4.113037674	2.183587604	
He	15.68719449	0.397832014	-8.999294063	
He	-1.958339176	-5.249240077	10.12447971	
He	-12.21524331	3.052603769	-6.426994596	
He	0.3054476566	-7.221398359	7.198980729	
He	4.055641622	9.088397318	-2.829295419	
He	-1.394765356	-17.55896442	-3.285729652	
He	-1.147154102	2.145438345	-3.29666145	
He	-3.523319558	-16.77141934	11.80991245	
He	11.37421327	-10.89541145	-7.626198643	
He	1.606932909	-5.282948953	7.80277503	
He	-19.01721607	4.354513908	1.310948221	
He	-7.263522236	-8.745199512	2.860916196	
He	-13.46454975	-0.6032023096	12.13076795	
He	6.632342609	3.262829929	3.8743366	
He	-1.151156059	5.573891775	-2.879660126	
He	2.962821719	8.014202875	3.462307133	
He	-3.506293913	0.2972606117	1.495225541	
He	10.45138911	-14.1023123	6.415569364	
He	-0.8611043905	5.617004444	-1.318969353	
He	-0.2018222169	-2.625668466	3.061625455	
He	-12.56643417	-25.26426392	-3.745605824	
He	-0.3862165432	10.95255283	2.930422474	
He	-14.42314839	-9.45396857	0.8428216572	
He	2.431439891	9.035068592	3.56110453	
He	-16.27806257	-4.190655901	8.686597395	
He	-6.494733933	5.702707773	-3.022587016	
He	3.484253554	15.39149459	-10.56733108	
He	-16.68665388	-6.783202362	-8.148188618	
He	0.360207144	-0.6006517764	-1.604692448	
He	-12.83863202	2.923796808	1.711608561	
He	1.396097549	0.1128076756	-21.60392589	
He	-4.051062538	16.32341246	-3.676202949	
He	9.858342929	-0.6653783892	9.431231811	
He	2.973050584	-10.80557758	-13.63302418	
He	1.142145549	-0.2347527499	25.02101518	
He	-13.97015705	-2.779721477	-1.007261582	
He	0.4632821784	1.71567571	7.725903313	
He	-9.465280832	4.41691231	1.868296757	
He	2.909638686	1.031893976	14.26212479	
He	2.790125522	-3.865173923	4.633641319	
He	-4.332329727	-2.687716204	6.543482239	
He	7.860651621	14.26219869	-12.19396678	
He	5.595257783	-14.02338025	-14.17004259	
He	13.60582633	7.707721765	-7.643444941	
He	-3.689617309	4.588124503	-19.86349778	
He	0.5906445055	4.621475723	2.346630407	
He	-5.8134708	-4.273562067	-1.872471551	
He	3.786959656	0.7325574759	-22.39218051	
He	1.691586394	-4.358578848	8.614785868	
He	12.74010156	-24.82980532	-6.673018257	
He	15.10078032	10.63311782	-26.96714828	
He	-8.484585478	0.2669833666	-3.462346282	
He	-1.343641802	2.773440883	-4.462649759	
He	-0.9067402692	9.804791989	-11.26896447	
He	-4.232456933	1.869041756	-7.203839877	
He	-5.276959463	5.611023677	4.847532559	
He	-11.0459409	9.605711151	-1.061451882	
He	-8.109796201	13.33133041	-5.217753365	
He	4.783539763	3.981314962	1.137515794	
He	0.2129773795	12.29520468	0.105327495	
He	6.224109023	-1.219986144	6.370505408	
He	-3.86888407	6.824310681	0.522398678	
He	6.813801392	6.125936853	1.831640579	
He	-0.590736619	-0.8225217756	8.295831607	
He	-6.890654743	4.225398102	-6.864405381	
He	-5.716206099	-5.92798481	-5.397034068	
He	12.68161528	-5.565463887	9.451509834	
He	16.27849941	-10.18414025	18.4562134	
He	3.769295357	-2.557884113	1.306943656	
He	17.73410564	-3.677708862	5.341158996	
He	15.91688425	-18.05510112	4.428722756	
He	-14.6322987	-10.29196101	-3.327953402	
He	-11.62451522	-2.208585609	-3.478401844	
He	5.297634076	6.307516373	11.06056121	
He	7.471142274	-7.029554189	8.774119744	
He	13.14621396	7.004123573	-20.1200769	
He	-0.949595874	1.007791173	-4.62825671	
He	8.156115502	-6.169488346	-6.553105989	
He	-13.63645323	11.62570542	-9.552514042	
He	9.726960084	6.020581709	6.756133778	
He	5.330000727	5.352590447	-4.606004118	
He	4.47206257	-4.442717122	3.516670389	
He	3.963492319	13.51347818	0.06959138264	
He	-5.396407823	4.280154769	2.438158889	
He	4.501983039	-2.818933304	-4.045946296	
He	12.9930152	-1.135361509	9.778422091	
He	-3.267408296	7.670481091	6.045896835	
He	-3.217847121	-3.314539274	0.5677970896	
He	16.62524236	6.002171531	7.417068467	
He	2.363916963	-0.7412465086	-8.667414832	
He	4.562881523	-3.05781331	5.224680712	
He	8.569012328	-17.34358444	-1.138271282	
He	15.13092976	0.388487073	-10.85255882	
He	16.85698365	-13.97839031	5.810132864	
He	-7.990015778	0.6418992106	9.199141704	
He	-15.69805425	4.5219793	-0.7980221125	
He	-12.78311929	7.872906896	8.9235396	
He	9.814586274	-0.7284795292	-1.311985054	
He	-11.80107049	10.90855916	-8.159429127	
He	4.823001609	-15.88440122	-6.953353186	
He	-1.651705907	-1.666219983	6.593053725	
He	6.361607042	-2.170560163	-0.7276328545	
He	4.993859318	17.01052975	-2.770087004	
He	-2.545423587	-1.146978489	-11.05312924	
He	3.07735924	7.115398507	-6.915435845	
He	10.11347039	21.16045156	-3.425877324	
He	0.1442754593	6.112586038	-9.601327296	
He	-5.95676652	-11.07340676	-16.61699955	
He	-21.78616609	2.008571145	15.28860891	
He	-2.476773878	-3.434549977	-6.992963986	
He	-15.13736233	11.62093802	4.806986057	
He	-3.895917403	-13.10587782	1.384706447	
He	-3.015033735	8.481361756	2.084613271	
He	-8.126533517	-7.263869285	10.4234603	
He	-8.657585165	-6.763507664	12.74951166	
He	8.913842096	-3.625445752	14.09444437	
He	-10.23209601	-4.044871059	5.037526254	
He	-2.755350925	-2.558674598	2.683494898	
He	-0.9079263038	6.539276861	-4.898104123	
He	7.530479435	-9.047991749	15.51900974	
He	7.25874188	-6.773410586	3.436669558	
He	6.081332803	8.988399226	19.43814374	
He	0.1924456053	0.5355921872	11.65239867	
He	-2.530101423	-7.788368876	-5.829551471	
He	-13.76511453	-3.387569074	7.313644154	
He	22.08240858	9.568648081	9.908910203	
He	10.14381721	11.261422	1.046428466	
He	-5.611400663	3.991949586	-23.22206467	
He	11.20435097	3.595886299	4.807925769	
He	0.5867393152	-3.105107314	0.1407674765	
He	-8.171730051	0.3254780176	-10.5955717	
He	-0.6607699108	-0.9241038538	-6.961695436	
He	-3.512376173	3.701063477	-1.538566701	
He	-16.04530505	-0.629630097	2.169810452	
He	-1.275157888	-1.192341113	4.191051301	
He	-4.361643949	7.928139357	7.235170553	
He	26.21708976	1.88173221	-4.856954157	
He	-1.313264505	-6.074754528	-25.30831461	
He	-0.1435051942	6.769308805	5.026150843	
He	-8.819894264	-2.410363118	16.11284181	
He	9.16849426	-18.45044602	-7.172290948	
He	3.457011717	2.712427402	-17.65640963	
He	-6.57993125	-9.554702825	-1.281261523	
He	1.210073594	-20.13952874	1.691247923	
He	-1.167669727	2.945944789	-21.6026586	
He	1.183043122	-9.656820773	-11.01219271	
He	5.248459864	-9.088744876	13.67215467	
He	15.55865747	-11.71468628	19.68089146	
He	-7.558904504	-10.03811385	7.718717942	
He	-7.214044277	-6.66026766	1.968917199	
He	19.53223998	-7.907352389	5.935637466	
He	4.711926227	3.3290179	18.58680895	
He	15.79114073	-3.279229958	7.927541575	
He	-11.07714885	5.843614217	-3.721511262	
He	-1.373277281	-2.824463482	12.30611314	
He	23.15850237	-5.089622718	9.290197797	
He	11.29955482	-5.175182044	14.64986648	
He	-5.045010747	1.628919183	6.103125986	
He	7.003457603	-5.110027763	-0.45403885	
He	6.899742427	2.904865066	-12.39813377	
He	3.033200129	7.918199162	1.65660139	
He	-3.636913291	-12.33767916	4.743966368	
He	2.06732096	-11.08645975	-0.7164839436	
He	-4.230756059	-5.888927749	-18.89229328	
He	-6.645285193	-6.798763684	-4.473572993	
He	-9.802650721	-11.14669649	-0.2715864582	
He	-4.791951887	-6.639044995	1.446084014	
He	-1.224600774	17.01760061	12.28168286	
He	10.53545989	11.41665328	1.331942694	
He	13.31621619	9.854453737	21.3574873	
He	-4.389173381	-15.0812413	-4.972030868	
He	10.40971424	-5.293998485	7.026440258	
He	-5.662173779	1.601140301	-2.663025473	
He	-9.455499034	-1.304778334	6.384509261	
He	-2.074195771	13.48141609	2.078155055	
He	-12.73296556	-14.05543428	4.062444197	
He	-11.39403819	11.23398369	-8.690368767	
He	13.15988353	-7.72942103	2.788180303	
He	12.66998515	3.926335321	-11.77858616	
He	2.978541806	-3.955818862	1.000411142	
He	-6.078900107	6.28349928	-3.114590026	
He	3.638414663	-4.081696988	-2.735528449	
He	1.556070362	1.172977267	5.160129502	
He	-4.926124168	-4.019671612	2.833217106	
He	5.668490057	-12.62019786	-2.252754136	
He	-14.54864589	21.42098736	-8.946938809	
He	-6.883750833	12.31941639	3.49932096	
He	-16.84044666	0.9074405342	-7.915720336	
He	-4.232919227	-21.22688356	-0.1802975187	
He	8.677249775	-0.09658949057	0.339516252	
He	-7.309455056	-8.119633619	-0.1506130466	
He	-10.58172311	0.007352086814	2.026797023	
He	-13.16050218	-19.53610069	0.866087354	
He	-9.097100924	-8.04839817	-0.8775582409	
He	-1.712003833	-4.907037026	0.4167287568	
He	-11.61609337	-6.944669144	-3.78345185	
He	5.652090252	0.8765819846	4.179534832	
He	10.08591413	-4.203065675	-7.775079005	
He	13.08519131	-8.7366902	-15.78869144	
He	7.055781173	2.568045829	-7.671435373	
He	-13.72022209	-2.308941303	-7.879179495	
He	-10.86484835	11.97153255	-15.29024854	
He	19.52815374	-7.136070671	-10.01225248	
He	3.747060128	1.916891721	5.860493259	
He	3.80446357	-1.686666803	-9.055972	
He	0.14956493	2.737831522	-9.875881086	
He	1.470343707	0.4553466804	-0.6078241654	
He	5.371108529	9.170689689	15.71227534	
He	-9.320499063	-6.298282603	-0.4577728771	
He	-0.5715069956	8.800319525	12.58396458	
He	-12.75962408	-3.194537868	5.585688743	
He	5.340600299	0.4234294063	-19.18317491	
He	-0.865064524	-7.688309289	11.25658445	
He	18.2726331	-10.82392016	-4.920845307	
He	2.377905229	-2.072330538	0.7786322936	
He	-0.3816928983	-5.126083509	8.366282309	
He	10.26943812	-7.082429889	-7.775256195	
He	0.4377348497	1.708290941	2.215653768	
He	-5.42863413	-6.021689888	1.275596914	
He	-3.220779472	15.79269244	0.7606598213	
He	0.9158289963	-9.661862129	1.748299819	
He	-4.328002743	7.056295118	9.131725459	
He	4.800389818	-13.99536573	-12.26619455	
He	1.70306561	-6.13957197	19.1470742	
He	9.241813133	22.57942131	-15.52587785	
He	-4.294149496	9.933223842	-9.060924967	
He	-12.35483154	-10.35580444	16.7242586	
He	4.18183436	-1.095224322	7.673968132	
He	6.077619958	-15.34041184	0.8591885667	
He	-10.93025055	-7.026783829	-7.409178556	
He	6.351770124	-8.735245986	0.4575793697	
He	-5.347379343	-15.98773453	-4.051321805	
He	-13.05200939	-3.172837744	4.363709302	
He	7.929339535	-19.38295465	16.80845656	
He	-7.416594652	-1.991988049	-5.109547957	
He	-2.179127162	0.80657805	-20.79207951	
He	7.077981116	10.11663679	-9.09864536	
He	-3.925653895	4.213597217	1.991491185	
He	5.375490236	-7.817126972	6.172000518	
He	14.64985816	3.721719833	-14.54483512	
He	3.632246936	11.53788418	-3.015498444	
He	3.12520382	9.228603253	8.460078425	
He	5.019336642	-6.982274864	11.88974528	
He	4.671349406	1.34794063	-0.02086088892	
He	-7.358892441	1.687133628	0.8218270766	
He	2.281543315	-9.347342748	-6.121211216	
He	0.05285588025	-11.00137651	6.800118621	
He	11.09070363	3.440789102	4.543231099	
He	1.08906894	-11.5801367	-7.167392311	
He	9.377972313	-15.42683463	4.2987905	
He	14.80149339	-8.76145204	-14.39588016	
He	-8.042913425	4.72404253	-8.179395182	
He	6.281738386	-8.583320355	-3.254118905	
He	-9.025278361	-6.34577386	-2.534745549	
He	-1.508748119	3.240005863	-8.636586296	
He	1.974788323	16.55185647	-10.59208511	
He	-13.920067	10.22709377	-14.3395763	
He	7.175555287	7.537574657	-2.186857204	
He	10.28043378	-2.137479049	-3.006276114	
He	5.081537259	10.23511701	-8.734778057	
He	4.762559273	1.077295949	8.253359129	
He	-14.25098666	1.490021213	-12.29293579	
He	-6.535050084	11.65641098	8.182762574	
He	0.7735886008	4.439488273	-9.735265053	
He	5.612885337	8.098019969	5.451077859	
He	-5.599666227	5.862262835	-8.246087846	
He	11.19883158	-2.17012027	16.08978051	
He	-14.26834279	-7.409533453	-4.685948673	
He	-5.827394464	10.5595547	-6.010042762	
He	-10.69644387	6.828153399	-0.2861162395	
He	-1.882690826	-0.1497062413	4.370198546	
He	-7.612592105	-12.23548923	25.34658455	
He	1.931361302	-9.59053904	0.9066517981	
He	0.4971184621	-2.352112269	-4.228307068	
He	-1.060201183	7.486006351	1.982833079	
He	6.023992911	-4.345245886	0.9821911742	
He	-7.98076818	1.562818883	2.262292941	
He	11.70768559	-11.51634653	1.308734802	
He	-0.4440063393	-3.728019154	-2.466160704	
He	5.569440646	-19.00684159	-7.126468436	
He	-8.402879065	7.848614255	0.009669027546	
He	-2.897541772	-19.71992764	-1.99598351	
He	-1.197633992	-5.098160327	4.748665984	
He	-0.1949694776	-1.679499184	-0.2112982271	
He	-2.248343981	8.040972153	3.057297386	
He	11.00831413	4.680093732	-14.71716631	
He	-8.94093316	5.976946235	9.064503956	
He	-7.273166107	-9.249357612	2.804931343	
He	8.196771827	10.88671797	-15.59201914	
He	-16.35754288	-7.220430449	-6.178503454	
He	-5.38027746	2.090784644	5.707825508	
He	-3.843017998	5.013358139	-3.142895652	
He	-8.997796176	-14.40232663	-4.873751536	
He	0.8046570765	-9.079287347	1.918538745	
He	10.80546319	0.3496432611	7.055860989	
He	1.203309487	2.683598901	3.368842148	
He	-18.90394381	10.07713234	9.699512476	
He	4.092942083	4.883677757	-7.331827322	
He	-0.5720446503	0.5614700307	-2.4194529	
He	1.850738199	-3.433994965	-6.045945545	
He	-12.53386268	1.425005008	-18.1434356	
He	9.979227087	4.647123399	-3.596850518	
He	9.582748855	2.739133353	-5.024058912	
He	-5.579815979	13.19345128	4.795841494	
He	1.164406528	9.41645533	-1.469921114	
He	1.304975969	-6.167170682	-3.538200148	
He	2.040206061	-5.608217453	8.560307611	
He	16.02865771	-15.76339831	-9.428547866	
He	6.098163816	-3.163007623	0.8857551915	
He	3.375546719	-7.57290267	16.99852676	
He	9.137361357	-9.454610611	-14.33924895	
He	1.304522109	-0.7140730168	0.2934606497	
He	6.368528874	4.405339091	-17.59932011	
He	10.36606705	-6.533546948	1.992504232	
He	-8.928045029	-16.77031007	-0.5010667102	
He	-2.033525583	-3.905212035	-14.76277762	
He	2.038419933	4.740119544	-1.966140604	
He	5.05420294	-1.75808507	6.443525343	
He	1.580982142	-7.678623367	13.13988704	
He	-5.948982038	-6.743654607	-12.12428843	
He	-18.57311841	-0.6404218593	18.64375187	
He	9.79484924	2.362116828	3.334648802	
He	9.230828199	12.40537585	11.09539642	
He	-5.006419732	2.726802724	1.59485464	
He	14.37340503	10.4698322	-9.23415218	
He	15.23637026	-6.143575376	1.824088609	
He	-0.1324087278	2.352651302	-9.414458635	
He	6.38047602	-5.383701847	-0.7574231909	
He	4.60868893	0.2642221641	-8.775015221	
He	2.881018508	-0.7457848718	4.789055746	
He	0.6836435377	3.192797209	1.658710005	
He	-2.759608565	-12.7144601	3.913762319	
He	11.18059714	4.401320025	0.9879989418	
He	10.95630015	-6.489913926	3.214785747	
He	-8.381891364	0.4533587821	10.27831066	
He	-1.807043748	7.607767428	-1.591990363	
He	-15.21886862	1.396919848	-5.932417518	
He	-3.64721188	-3.273166156	2.584715962	
He	1.407495264	-1.261322051	5.306715208	
He	-1.552652196	6.62738556	4.418821426	
He	-9.57179277	9.994882037	3.795579815	
He	1.958147366	-0.1638273367	1.630575906	
He	5.388547565	3.605279966	9.243533306	
He	-1.944943973	10.04422809	1.097964839	
He	4.840670274	-3.220670603	3.674048385	
He	-0.3607753325	-1.965057158	5.582835556	
He	1.192273801	4.367982899	10.51711282	
He	-6.691720229	-13.00701845	5.173441819	
He	5.780360639	13.01810323	-2.467073455	
He	6.354052673	10.17647374	12.13705668	
He	-11.6695228	-4.561435016	3.396299867	
He	1.455774138	-13.0233706	5.675601342	
He	-6.444291282	10.63277781	-5.708169086	
He	13.22365435	-5.870043533	3.951112931	
He	15.63345359	-17.05747537	-18.79137546	
He	5.717685685	5.335717643	1.492674983	
He	-9.617358866	-1.521686761	-16.84900382	
He	3.162643431	6.502256275	3.397814337	
He	-3.465774938	-7.076678985	15.00573553	
He	-13.7001314	8.650857594	5.267755408	
He	3.790488542	-6.636560966	12.88403186	
He	-11.08709492	12.70663943	-12.95866259	
He	14.68602244	7.818199123	0.9717402824	
He	10.02285634	11.96694675	1.613542919	
He	-3.354592587	13.68921849	0.8533234589	
He	-3.801702493	-8.993797114	2.656573953	
He	-0.4573824429	5.906894005	-3.690949744	
He	6.471250272	-15.65523776	13.32738547	
He	-7.920446363	11.21782301	7.316069937	
He	-11.01686173	12.68256479	-15.65674574	
He	13.74714107	-7.218649529	13.19103301	
He	-1.537438798	15.68192866	-7.092293697	
He	3.491264446	11.8584934	8.508847375	
He	7.884885935	-12.74859074	0.2239965566	
He	2.278109943	3.727441417	-1.501105767	
He	5.910858534	-3.91812486	-1.792782429	
He	-10.19845066	11.02182258	9.180870966	
He	-14.56264782	-1.032298592	12.62145673	
He	-8.132723915	-9.028466887	5.048451748	
He	15.14116758	-4.137714188	1.282652232	
He	3.250249124	-9.9614234	8.014803256	
He	-10.74497884	-1.564291057	-4.29230405	
He	-17.5817953	4.837185235	-11.85231097	
He	7.622859183	0.9677401272	4.894282482	
He	7.340049114	-6.102729893	1.478514033	
He	-7.010352862	15.74911296	-7.921380101	
He	12.51202937	8.035052281	0.01185296156	
He	-5.524306073	-2.352071157	5.684858075	
He	7.111580072	0.1677331439	17.10132475	
He	4.910100393	-4.088689887	-12.49883552	
He	-5.680242347	3.397329252	-2.645006262	
He	3.705051953	3.639495859	7.57568803	
He	0.2110337423	-0.9341464628	-5.25642535	
He	2.926337257	9.561138183	6.911947907	
He	9.933328365	17.44808455	2.353127068	
He	10.72760862	5.425405858	-0.009003462237	
He	10.43958369	1.541966834	-15.11746431	
He	-12.18962103	5.014787226	18.62189443	
He	7.613311328	15.10758118	-9.302932015	
He	1.403457384	3.430793609	1.775151028	
He	7.941730922	-1.591528144	-3.891701609	
He	-2.370060672	-4.844071499	11.75956596	
He	-10.1262188	-2.957146055	1.613961611	
He	2.814128278	9.02772959	-7.600688725	
He	5.428072439	11.86577609	-6.762136522	
He	10.1210978	0.3955688833	-7.625040861	
He	-4.141421104	-3.568042328	-0.7517977357	
He	-1.889688463	2.426056501	14.45157222	
He	-10.19532017	-5.086611285	-11.4436362	
He	3.99729407	-6.193806113	4.231544792	
He	0.09288688881	3.947303613	5.527202592	
He	-8.775516474	-1.381002136	3.631867261	
He	11.63831796	3.468751958	-0.9259338302	
He	-8.426699686	6.470189213	-7.476785097	
He	3.238231619	-6.894442715	3.800471151	
He	-10.35536219	3.215731119	5.162001077	
He	11.2416424	7.292011706	-1.207790102	
He	7.504389379	4.827336533	0.195829182	
He	-7.267144751	0.5449543199	-1.744743436	
He	1.097210555	-1.232643762	2.317571956	
He	5.232338429	-7.203768224	3.83753768	
He	4.678320238	-6.410077884	-15.24529484	
He	-1.378502915	8.04729421	-2.313346658	
He	7.102689397	14.06821207	-1.438749235	
He	-13.26576769	-4.574194038	-3.340374734	
He	3.882318681	6.784303857	-7.70444136	
He	0.5921252664	-8.132694646	9.555642447	
He	-5.151764521	17.54025528	-16.14626886	
He	-2.238644617	7.256633023	-9.54010384	
He	-29.35636794	-3.25716848	-3.649177642	
He	-4.294641034	-4.806510053	-4.043197765	
He	10.56611627	10.3297772	6.368842256	
He	5.899195739	0.6726460072	3.469438842	
He	11.92361132	0.7435170834	-13.52569037	
He	12.20253504	12.05625023	5.363398191	
He	-0.8744050601	12.32714875	4.303935776	
He	-3.464656101	-8.173555158	-9.7325107	
He	-6.403638828	15.27154365	6.50327522	
He	-8.311158006	-2.122012519	-4.36600652	
He	-6.729003303	-10.08109729	-15.30034926	
He	1.860934351	0.7155380462	-5.211645954	
He	6.658914774	-3.77501294	0.1668434176	
He	-10.65417365	-5.018121045	4.175374474	
He	-3.228112327	-13.70110677	2.569635562	
He	-7.730760198	-11.16269868	-4.92318685	
He	-0.8040157776	7.373851267	11.89125461	
He	9.312064653	-3.326790993	-14.40270011	
He	-1.231861422	0.5230390067	-4.903800155	
He	1.587398834	4.040539339	23.5845584	
He	-0.04181155055	3.543798898	3.433583162	
He	-2.022931359	-16.56309117	-4.114120997	
He	-1.858780193	4.828062055	-15.87845188	
He	9.545891317	-5.105133405	3.211366722	
He	4.710124504	6.622558394	0.7109720223	
He	-18.10488053	2.674422814	-2.074296675	
He	2.375956517	-6.469611817	1.684398192	
He	-0.06367778863	-7.520464702	3.329542316	
He	-7.607202957	19.95492048	8.247375026	
He	0.6290740142	-4.763690101	12.38980169	
He	-7.154516555	-11.22147619	2.208509586	
He	-1.788137942	-2.27152489	1.806910547	
He	-9.018740991	-5.18691016	-8.40166337	
He	-4.013128581	6.298981251	0.7823377364	
He	-0.2429397085	-11.72823402	-17.15964584	
He	-0.06511621447	0.7549886218	-3.381584695	
He	-1.099391626	-8.171463201	-5.617376097	
He	9.115659925	20.97182483	-5.25276524	
He	-5.829553078	9.265672239	-6.485648557	
He	-4.288143393	-16.74874822	5.778301427	
He	11.09165888	-0.6768021503	10.44075683	
He	-4.580348078	4.381671706	-10.3634763	
He	-5.085508063	-0.8210343879	2.187814707	
He	9.877629678	1.071748397	-14.40794419	
He	17.17946615	-4.533322385	-12.77037108	
He	5.393722037	2.666124812	7.782240049	
He	-5.786760503	-3.237966208	10.89146779	
He	2.408978335	5.544025239	-4.473159747	
He	11.23918741	-5.227033324	-10.42987432	
He	-0.05190972384	-1.927080484	-4.642295571	
He	0.4206957294	10.65292312	7.722793624	
He	-4.528462676	-22.7467114	-1.106748503	
He	-4.935387294	2.98958608	-12.22607298	
He	3.193897686	3.855657675	15.36649509	
He	-6.211800259	0.01104269922	5.714571755	
He	-10.52508571	-3.039859373	-5.039204055	
He	8.38272084	3.246456782	-0.6027766794	
He	7.151326456	-5.210787294	1.241458512	
He	-7.548333994	-1.972692576	4.595179361	
He	21.13573013	-3.832551522	13.68611019	
He	19.12746861	4.252386367	18.01505353	
He	-5.504293937	3.811713163	9.31848215	
He	11.80637707	-4.593101264	-13.19284072	
He	1.631809439	-11.25911246	-6.315603895	
He	-8.978122328	0.4484315852	0.1889267422	
He	-4.125577927	1.372526431	6.522289781	
He	-0.2914786478	19.7684626	12.43963158	
He	-11.50253838	6.376786307	-12.76990302	
He	-7.318437405	7.149866405	1.591586546	
He	-6.902598716	4.584524334	-6.48031633	
He	4.958022782	7.134052368	1.963787846	
He	-8.353370807	1.798595012	7.585036301	
He	11.46277216	-12.43340639	9.422615254	
He	1.82493208	13.02947503	5.118123743	
He	-4.26912491	-8.626256015	4.720940434	
He	0.1984943779	3.605137861	24.20945684	
He	-6.198003894	-2.378665876	4.957669288	
He	1.899138991	-15.35110419	0.4100117237	
He	-12.4557291	-3.524640261	11.78122422	
He	11.25186238	9.191833591	13.44365691	
He	-16.87688115	11.80149604	-7.321576757	
He	-6.98178451	3.072330033	-2.456826771	
He	-5.593048833	17.27858765	4.687032098	
He	-1.393549951	19.38149078	4.461741758	
He	9.899347033	16.51065222	-10.62978429	
He	-2.990808238	-10.79063189	-4.103249743	
He	-2.641436769	-2.355641893	-6.831047088	
He	-11.25989215	7.78415636	4.681993446	
He	12.39313369	-10.17430816	-6.587443453	
He	6.969969013	-4.025329035	1.841600359	
He	-4.903424295	7.578872067	-2.94898476	
He	2.853747371	-5.808386537	10.47469702	
He	6.272949408	4.216369497	4.547251634	
He	-5.506508721	12.68565868	2.752869408	
He	-1.489174875	-6.151933373	-4.90944767	
He	1.056152676	7.112663276	-10.41576596	
He	-4.596295683	-8.800011532	2.784423038	
He	-14.89876574	7.532264505	7.702606408	
He	-9.882950577	-25.00506453	-18.57732719	
He	-10.87985296	-4.099970022	4.574139489	
He	-24.34809028	-8.030529333	-17.3607146	
He	3.232470205	-4.713055639	1.928651802	
He	-2.935808596	-13.04444191	-12.38123503	
He	-1.663232844	4.772812737	6.056316749	
He	-8.906290303	-5.619139161	2.485510253	
He	8.53857685	0.6735496406	-7.622252803	
He	6.54515151	6.783905793	-4.137350592	
He	-0.3599568177	10.9037314	0.03054928824	
He	0.447133283	1.754603557	17.88304437	
He	-2.948749402	3.872086983	25.35822111	
He	14.94475983	14.3182219	-8.717333057	
He	0.6892183566	-0.8552773314	-7.709236434	
He	-3.928645518	10.22607681	7.252153003	
He	6.094691127	13.85628841	-6.222447341	
He	6.632491971	-6.722169314	13.10611709	
He	-7.977131259	3.652301561	-5.547224182	
He	-6.221680197	0.9928366256	-7.516705486	
He	-15.48304887	-5.87354112	2.920314916	
He	4.347764121	-10.67012437	1.69039433	
He	-1.912159543	11.33175921	-17.18335066	
He	-4.275236198	3.15811483	1.467576249	
He	-0.2818869902	2.585572728	-4.793557746	
He	6.55763573	2.933998403	-2.487426563	
He	15.99333962	-15.94504311	9.367319186	
He	-8.684755408	-9.042623745	-3.056429216	
He	-0.2268873132	-10.20184273	-1.76058156	
He	17.37063664	12.69994039	-5.511145312	
He	-3.879871812	2.087051955	-12.71931988	
He	-15.19965028	2.651218359	-4.653143841	
He	3.035783042	-5.724297184	-4.932502184	
He	-3.951368108	8.870520005	-9.518478121	
He	-3.809631614	-11.73696842	-9.710681669	
He	1.274326396	-7.376864031	-2.224887652	
He	1.80264539	-5.427912848	-1.745469108	
He	-5.167411317	11.08480799	1.283956634	
He	-4.356972577	3.776701537	-7.043576164	
He	16.40203172	-5.504796596	-13.18525031	
He	-4.252393455	2.954363677	11.49241231	
He	-1.497105691	0.8237538158	-0.9127886746	
He	-2.314102115	-14.14221233	8.001022035	
He	1.530394332	-15.54868604	13.23775711	
He	1.265836189	-1.007945696	-4.850062651	
He	-1.190530429	-8.855069612	-8.117151571	
He	9.407220058	-11.07022595	2.104177401	
He	-17.88767545	-6.276903452	-1.77017434	
He	2.723945227	11.41633846	-2.04923355	
He	5.28431222	2.465122184	-9.641662634	
He	-2.661803923	4.070095509	7.730757243	
He	-0.1763268925	-3.39759924	0.5618672449	
He	-4.286043649	-13.03111617	-2.785138655	
He	13.67819803	-12.43215597	-16.3790453	
He	5.517826386	-15.04483741	-14.98594199	
He	6.536090911	11.35913059	0.3711021463	
He	7.012809435	3.797207616	12.55401633	
He	-7.136662694	16.76291095	15.97374156	
He	9.512412325	13.71779689	3.962380333	
He	-14.82881879	-5.4351837	-3.702159435	
He	-5.619758206	-19.26611728	-2.656264893	
He	-3.127756746	-2.445233287	-13.31657177	
He	-3.942697495	13.73916581	-10.0420627	
He	5.640633014	12.59581666	-6.244735504	
He	18.96469714	-16.12398243	-6.547291049	
He	-1.533114509	2.276959854	6.29515291	
He	14.54675782	10.45898325	-5.976736592	
He	0.1534547581	-1.450560715	-2.239160008	
He	6.851103598	0.7933666948	2.970293764	
He	4.298530175	5.118168051	-1.036449251	
He	9.690189221	22.97067295	-5.22248934	
He	-3.814659918	-2.479613415	1.964894278	
He	-21.67417283	4.959550754	2.448984083	
He	5.106756791	-3.023857553	-3.218776806	
He	3.730404061	-2.116269613	-10.88957993	
He	-6.015901139	2.295477638	-5.269829244	
He	0.2345841279	-3.426889824	2.847229735	
He	11.98781583	-4.620993956	16.40944204	
He	15.96204299	0.2649136843	7.458112703	
He	-9.642087495	-0.5257144408	-2.475263075	
He	-0.6015908315	0.9717129355	5.682191174	
He	-12.48200484	-5.38604165	11.88298364	
He	-5.211996552	-3.229663833	-1.881795188	
He	-14.10552591	-13.01742872	11.53881046	
He	1.661157566	0.4066759391	2.758527688	
He	5.140168255	13.10386488	4.996321509	
He	9.751601417	-2.62071463	2.788327732	
He	11.94431363	6.668560047	-0.2948348905	
He	2.308260833	4.7319642	11.04370606	
He	-4.435345033	7.969614519	-1.878005013	
He	7.487874013	-18.68205889	5.324968149	
He	-3.201675086	-2.582405459	8.678758315	
He	-10.03632407	7.459446475	5.192590753	
He	-0.2247589866	-6.77397375	1.009417048	
He	9.979410631	10.69739753	6.951015911	
He	-13.15029948	-6.763626436	4.084794414	
He	-4.432055758	19.04816202	-1.870148381	
He	-3.017161722	-3.092371685	6.950528481	
He	-9.127237183	7.76142437	-2.090794528	
He	-3.364330353	-0.2103039577	-8.096177295	
He	-10.27793331	9.388921649	-3.066163254	
He	1.399623402	0.7201873771	0.04822567618	
He	0.9000175569	-5.904811278	-7.569585537	
He	6.983334056	-4.096276929	-4.600916824	
He	-13.30801481	-0.5642714448	9.859055952	
He	-10.27895184	-3.08265315	9.576989793	
He	-1.655775987	-1.105878933	13.5341498	
He	2.13327337	-4.237753728	-5.550760898	
He	1.995293628	5.344576577	-1.997188676	
He	0.7947787009	-4.130481154	-19.1195928	
He	-11.9141223	5.487692589	-7.370895456	
He	-12.24664086	-4.15092222	-8.192532461	
He	7.961446517	-14.32318949	3.780789611	
He	-8.133237642	-1.050683181	3.924431767	
He	11.42599238	-6.054971513	-13.73139812	
He	-9.197813232	7.167584178	-3.706512708	
He	-3.706115758	-8.385036411	0.152990292	
He	-2.771329132	1.884545674	-6.850329002	
He	4.94012488	-5.160952595	-1.639323867	
He	-8.500945117	7.079977841	1.398897608	
He	-23.18312948	-3.496365306	0.672672849	
He	-7.214093105	4.85836688	-3.245813756	
He	8.875097947	7.207701606	-4.88923631	
He	-14.35317044	-8.756258508	17.91261131	
He	-12.27155222	-10.75844692	-6.158368306	
He	-2.198407946	5.362993539	22.79783597	
He	-0.2780795496	-14.87671267	-1.44854582	
He	-8.480920954	-7.338707673	-1.466723378	
He	-0.131683198	-3.849225468	1.872498944	
He	-3.2497071	5.839189859	4.414587304	
He	-7.453835542	7.667813204	-7.262573592	
He	-9.148175951	5.012822401	-3.698419951	
He	3.65755453	1.30431422	-1.237665348	
He	4.05663741	6.056829701	2.005225675	
He	1.013445194	0.04122564066	-5.514051536	
He	-6.061127741	-18.70839459	8.82227137	
He	6.001699095	7.916206124	-5.127920678	
He	-5.760507411	-1.868993759	-9.246961376	
He	15.19406816	2.143852915	9.071949946	
He	6.626124983	6.641125882	-4.466878026	
He	12.80869458	-2.268521118	9.224677937	
He	-21.37764387	-2.630361618	2.777249301	
He	10.44646374	0.3077766828	-12.84130968	
He	-6.551823907	-7.188857568	-1.453967824	
He	3.30560559	15.78111657	0.6624257729	
He	-16.31739024	9.591978695	-11.35946736	
He	-2.190203698	14.77365691	9.436197438	
He	-0.6958062553	-6.872853593	0.3676055703	
He	-5.822693578	4.789492778	8.220748043	
He	-9.39438241	6.063488222	-2.517548615	
He	0.4905634515	8.524001472	-4.735077106	
He	-11.50612184	-7.065843743	12.91261877	
He	6.568601185	1.475298186	10.92807152	
He	2.078216675	1.215940949	1.938077652	
He	5.26203418	-5.662635576	7.236359229	
He	-12.84878318	1.260174709	2.375135971	
He	15.75106197	6.127897087	-13.43741383	
He	1.443262327	0.5642460057	-4.64156392	
He	-1.02906673	8.983711071	7.597100754	
He	-3.146824049	-0.9867425374	-3.342656815	
He	7.349422254	-15.84073721	8.080457311	
He	6.922472339	0.09356916857	11.18617573	
He	-0.8366774868	10.24963085	-6.056389365	
He	-4.123318973	-1.455709505	9.977258162	
He	11.09312524	-1.762018874	-9.418548442	
He	2.666450712	-12.31579656	7.417455042	
He	-13.40010177	4.250221341	11.51286039	
He	-3.20947134	5.241323749	2.335278468	
He	-6.12241495	0.5702047423	0.09260966639	
He	0.0279152044	-2.412107031	-0.1166846423	
He	0.1100195286	-15.04220401	-3.761979718	
He	-12.40176432	-3.723302361	1.969871396	
He	10.87100367	-9.283340447	11.48510006	
He	15.47823196	-5.811848271	3.057926085	
He	14.5132415	10.04596821	-4.996229077	
He	-0.3131036665	-2.307629709	-1.766248629	
He	5.895034049	2.933755484	-3.638315118	
He	-22.19160078	-8.802886427	7.219339857	
He	3.597508945	1.282562735	7.720991489	
He	3.183012236	-21.47702551	-1.137715496	
He	7.749722732	20.44683073	8.16462104	
He	-4.981062996	-18.19885039	-10.66340112	
He	16.56667752	-0.6188187496	-8.431367767	
He	7.007027541	1.366956551	8.158965937	
He	-1.848380005	22.21307337	-11.11450625	
He	-0.001440977402	8.815590053	-2.552308206	
He	-1.736803322	13.69416097	0.4122437656	
He	7.22191885	-3.437713849	-0.6522336323	
He	-1.099587147	13.17255921	3.641517314	
He	-1.34841597	-2.753374429	-4.572249802	
He	2.377764465	2.173695201	-15.09364169	
He	-5.274805751	9.811891523	-5.542649907	
He	3.660600313	8.915110767	-4.821754171	
He	0.6340257204	14.26019459	-8.016821961	
He	12.27924468	2.18268256	9.258102734	
He	-5.906793799	5.754278723	-1.761752079	
He	-11.54622787	-11.10256463	-5.783708924	
He	-14.68287042	2.888803767	-4.663477912	
He	0.2855275187	6.377643753	17.1354138	
He	10.45814494	4.370341435	14.70237224	
He	-7.047978463	9.240970061	11.0383028	
He	-1.043825439	-5.336855155	-5.968334765	
He	10.50513088	-8.734297964	5.914360256	
He	4.318377914	8.073231503	15.46064188	
He	-3.083381907	-21.11591104	3.818830708	
He	2.825499275	-4.775125372	-22.63044802	
He	-5.422196285	-20.83396992	-0.9230309851	
He	2.541935806	-4.93145129	4.40381874	
He	14.9367525	6.273689627	0.5792760164	
He	-13.67994833	14.11784108	2.598307143	
He	6.775583944	-7.433988828	13.48268263	
He	4.703844559	0.7083628107	-0.3424892419	
He	10.81896157	10.33664234	-1.909513762	
He	8.733880757	-2.299113175	-5.769055141	
He	-4.162614971	-3.091852782	-9.215875668	
He	-6.2157835	-18.07502613	6.585953174	
He	1.774491255	4.609452983	16.58459337	
He	11.13503442	13.35802644	0.9873788361	
He	8.774682238	3.517216564	-11.24336682	
He	-1.376850969	-10.96509138	6.129943794	
He	5.574434448	-0.6548117363	8.933702737	
He	9.607781059	-14.65321959	-4.345232714	
He	-2.86315124	4.162627195	-10.48104763	
He	-7.015181545	1.590411103	4.927618488	
He	-9.297269391	14.19695706	19.6166634	
He	20.55753206	-19.16487564	-10.68835167	
He	-7.577219517	-3.203253159	-3.01389202	
He	1.807913128	-6.451739067	-3.667898663	
He	-4.604531118	16.01791572	-8.114103328	
He	-9.14993902	-20.6408443	12.50552353	
He	-5.836115256	1.244105	-14.61921149	
