STEP 0
total kinetic energy(eV): 13.4016766883
total potential energy(eV): -39.2217360251
total energy(eV): -25.8200593368
Temperature (K): 120
STEP 20
total kinetic energy(eV): 12.4934608187
total potential energy(eV): -38.5374159433
total energy(eV): -26.0439551246
Temperature (K): 111.867741113
STEP 40
total kinetic energy(eV): 12.8275591762
total potential energy(eV): -38.837070292
total energy(eV): -26.0095111159
Temperature (K): 114.859292381
STEP 60
total kinetic energy(eV): 12.6287066568
total potential energy(eV): -38.5505403486
total energy(eV): -25.9218336918
Temperature (K): 113.078746344
STEP 80
total kinetic energy(eV): 13.1298956904
total potential energy(eV): -38.518631746
total energy(eV): -25.3887360555
Temperature (K): 117.566444819
STEP 100
total kinetic energy(eV): 12.9356800102
total potential energy(eV): -38.7606162886
total energy(eV): -25.8249362784
Temperature (K): 115.827417519
STEP 120
total kinetic energy(eV): 12.8618522268
total potential energy(eV): -38.6138263342
total energy(eV): -25.7519741075
Temperature (K): 115.166355905
STEP 140
total kinetic energy(eV): 12.7155759765
total potential energy(eV): -38.5765931056
total energy(eV): -25.8610171291
Temperature (K): 113.856583223
STEP 160
total kinetic energy(eV): 12.941883831
total potential energy(eV): -38.9677932098
total energy(eV): -26.0259093788
Temperature (K): 115.882967172
STEP 180
total kinetic energy(eV): 12.6081495277
total potential energy(eV): -38.5125789166
total energy(eV): -25.9044293889
Temperature (K): 112.894675682
STEP 200
total kinetic energy(eV): 12.8881929677
total potential energy(eV): -38.6373798461
total energy(eV): -25.7491868784
Temperature (K): 115.402213626
STEP 220
total kinetic energy(eV): 13.0230922422
total potential energy(eV): -38.4403421183
total energy(eV): -25.417249876
Temperature (K): 116.61011569
STEP 240
total kinetic energy(eV): 13.7349268969
total potential energy(eV): -38.7725968017
total energy(eV): -25.0376699049
Temperature (K): 122.983956855
STEP 260
total kinetic energy(eV): 13.4373914819
total potential energy(eV): -38.5852833826
total energy(eV): -25.1478919007
Temperature (K): 120.319793958
STEP 280
total kinetic energy(eV): 13.383024668
total potential energy(eV): -38.847086104
total energy(eV): -25.464061436
Temperature (K): 119.83298788
STEP 300
total kinetic energy(eV): 13.4792410079
total potential energy(eV): -38.6198703425
total energy(eV): -25.1406293346
Temperature (K): 120.694518945
STEP 320
total kinetic energy(eV): 14.006491821
total potential energy(eV): -38.7790482615
total energy(eV): -24.7725564405
Temperature (K): 125.41557729
STEP 340
total kinetic energy(eV): 13.604196015
total potential energy(eV): -38.2623823454
total energy(eV): -24.6581863304
Temperature (K): 121.81337901
STEP 360
total kinetic energy(eV): 13.3811746372
total potential energy(eV): -38.1189353101
total energy(eV): -24.7377606728
Temperature (K): 119.816422513
STEP 380
total kinetic energy(eV): 13.6369716818
total potential energy(eV): -38.1476257584
total energy(eV): -24.5106540766
Temperature (K): 122.106855722
STEP 400
total kinetic energy(eV): 14.1002083648
total potential energy(eV): -38.6388824518
total energy(eV): -24.538674087
Temperature (K): 126.254724922
STEP 420
total kinetic energy(eV): 13.6007648461
total potential energy(eV): -38.4731008223
total energy(eV): -24.8723359763
Temperature (K): 121.782655968
STEP 440
total kinetic energy(eV): 13.6873528455
total potential energy(eV): -38.3319349243
total energy(eV): -24.6445820789
Temperature (K): 122.557973876
STEP 460
total kinetic energy(eV): 13.386226274
total potential energy(eV): -37.8167679843
total energy(eV): -24.4305417103
Temperature (K): 119.861655391
STEP 480
total kinetic energy(eV): 14.0603560701
total potential energy(eV): -38.3076074465
total energy(eV): -24.2472513764
Temperature (K): 125.897883351
STEP 500
total kinetic energy(eV): 13.8732906877
total potential energy(eV): -38.0801496952
total energy(eV): -24.2068590075
Temperature (K): 124.222880557
STEP 520
total kinetic energy(eV): 14.2726105891
total potential energy(eV): -38.1116109116
total energy(eV): -23.8390003225
Temperature (K): 127.79843228
STEP 540
total kinetic energy(eV): 14.0177640012
total potential energy(eV): -38.4830256573
total energy(eV): -24.4652616561
Temperature (K): 125.516509558
STEP 560
total kinetic energy(eV): 13.6158827572
total potential energy(eV): -38.5393407199
total energy(eV): -24.9234579628
Temperature (K): 121.918023309
STEP 580
total kinetic energy(eV): 13.1732914697
total potential energy(eV): -38.6924364632
total energy(eV): -25.5191449935
Temperature (K): 117.955015117
STEP 600
total kinetic energy(eV): 13.2551567164
total potential energy(eV): -38.5701770141
total energy(eV): -25.3150202978
Temperature (K): 118.688045008
STEP 620
total kinetic energy(eV): 13.6331612326
total potential energy(eV): -38.7005199572
total energy(eV): -25.0673587246
Temperature (K): 122.072736566
STEP 640
total kinetic energy(eV): 13.859687903
total potential energy(eV): -38.3253188743
total energy(eV): -24.4656309714
Temperature (K): 124.101079815
STEP 660
total kinetic energy(eV): 13.6788459424
total potential energy(eV): -38.2566864158
total energy(eV): -24.5778404734
Temperature (K): 122.481802186
STEP 680
total kinetic energy(eV): 13.6980574034
total potential energy(eV): -38.1969323847
total energy(eV): -24.4988749812
Temperature (K): 122.653823596
STEP 700
total kinetic energy(eV): 13.8840039273
total potential energy(eV): -38.4128357132
total energy(eV): -24.528831786
Temperature (K): 124.318808013
STEP 720
total kinetic energy(eV): 13.4377980901
total potential energy(eV): -38.0590049594
total energy(eV): -24.6212068693
Temperature (K): 120.32343477
STEP 740
total kinetic energy(eV): 13.9088861341
total potential energy(eV): -38.8337719046
total energy(eV): -24.9248857704
Temperature (K): 124.541605869
STEP 760
total kinetic energy(eV): 13.3371313258
total potential energy(eV): -38.3485266964
total energy(eV): -25.0113953706
Temperature (K): 119.422054145
STEP 780
total kinetic energy(eV): 13.5848018293
total potential energy(eV): -38.4607720982
total energy(eV): -24.8759702689
Temperature (K): 121.639721464
STEP 800
total kinetic energy(eV): 13.7868098378
total potential energy(eV): -38.7652272748
total energy(eV): -24.978417437
Temperature (K): 123.448522078
STEP 820
total kinetic energy(eV): 13.6197321972
total potential energy(eV): -38.4849531045
total energy(eV): -24.8652209073
Temperature (K): 121.952491593
STEP 840
total kinetic energy(eV): 13.2959088955
total potential energy(eV): -38.7233846745
total energy(eV): -25.427475779
Temperature (K): 119.052944238
STEP 860
total kinetic energy(eV): 12.3886641173
total potential energy(eV): -37.9160293477
total energy(eV): -25.5273652304
Temperature (K): 110.929380604
STEP 880
total kinetic energy(eV): 12.7692165504
total potential energy(eV): -38.2956055142
total energy(eV): -25.5263889638
Temperature (K): 114.336886472
STEP 900
total kinetic energy(eV): 12.9320396531
total potential energy(eV): -38.8152836877
total energy(eV): -25.8832440345
Temperature (K): 115.794821384
STEP 920
total kinetic energy(eV): 13.273959947
total potential energy(eV): -38.7845753554
total energy(eV): -25.5106154084
Temperature (K): 118.856411081
STEP 940
total kinetic energy(eV): 13.4345225885
total potential energy(eV): -38.8089836954
total energy(eV): -25.3744611069
Temperature (K): 120.29410559
STEP 960
total kinetic energy(eV): 13.1819124233
total potential energy(eV): -38.3666473341
total energy(eV): -25.1847349108
Temperature (K): 118.032208028
STEP 980
total kinetic energy(eV): 13.2143596164
total potential energy(eV): -37.9050918611
total energy(eV): -24.6907322447
Temperature (K): 118.322743553
STEP 1000
total kinetic energy(eV): 13.73945924
total potential energy(eV): -38.1611681496
total energy(eV): -24.4217089096
Temperature (K): 123.024539925
