120
115.083634402
113.808287704
114.305243335
114.312226367
117.091061422
114.343758917
115.453336054
112.603067029
114.907230198
112.908117849
114.420281857
118.140600952
116.901021846
114.857699606
113.599778682
115.973318352
114.990395048
114.662562718
117.394878238
115.131762966
116.572913098
119.250977447
116.014753161
120.09475715
120.601128834
119.9538636
118.279096833
122.349990149
123.359337735
120.635352425
120.478681204
120.735597658
117.899154228
117.596293061
117.393417794
119.268831375
117.769561475
117.773659456
119.147129964
113.955074795
118.35602684
115.242496525
120.452378333
119.507526711
121.41297673
121.573622283
121.183968211
119.490174094
126.705066866
118.599615615
122.011154206
119.544530859
121.279285619
120.795454944
118.433357849
120.851299921
121.632932241
126.185298799
119.45193582
122.248241906
121.54732055
121.864214604
120.227431818
120.485321244
121.065955388
122.455774051
122.178199709
122.270541335
118.57751046
123.267088461
125.330529627
124.98039736
120.434889128
122.222268273
122.949873642
124.393573432
121.380636228
124.335708218
122.864658268
122.682420383
121.6578662
121.060812294
117.650131175
117.163103183
116.758442608
120.72340018
118.740259426
121.560915805
118.489699637
120.713493315
122.601426946
117.98079185
119.164234974
116.59419349
119.444973057
117.679506671
114.507874408
116.023229542
117.57366478
117.424629079
