120
119.650349355
120.550371562
120.367341947
121.498665073
123.097006403
123.238277549
124.544033846
125.102939564
125.86289841
126.083469627
129.223172024
132.326745078
130.593321523
131.413244486
133.248829763
134.151616992
134.56635939
136.295405209
138.477732679
138.514154079
140.244205818
142.229870022
143.075088848
144.105581823
145.074086291
147.811543856
146.600648954
149.837114813
150.004249724
151.656148916
156.860780813
154.931889806
152.485936119
153.99126054
156.949878621
156.1593452
155.39194524
156.375419229
157.737109191
160.270102478
158.447430938
159.458932021
162.066492076
161.38135565
161.922141589
165.066994901
163.757712256
164.387068823
166.294219221
166.53090439
167.701929653
168.686447285
170.379560397
169.226139909
162.328673451
163.575652268
163.235680282
166.482717215
170.877488097
167.709670777
170.198058887
170.18962154
173.033936843
176.945845962
169.170428564
166.813575727
170.16183753
169.516121333
171.987488927
176.223372864
174.204246011
175.583956342
172.037037555
171.507335219
169.640103769
172.528270774
171.980396404
175.651562731
172.00802807
175.587280818
179.638050745
181.221615052
176.442598548
174.623514868
175.591072974
179.361232766
177.651465305
175.359432036
179.300745788
181.827807356
178.430337167
178.818676044
184.583160169
186.971229431
186.816612007
185.118065462
184.579539802
185.104741294
189.121437461
184.503936558
183.446609452
184.67410023
183.252055237
184.192836225
188.334428938
190.03620584
188.504877509
190.112756082
192.275416261
191.236665515
187.963368362
187.125457875
189.907828337
193.670018028
193.832383246
190.541724555
188.925229653
188.809204294
186.596183
191.48605089
192.464266492
190.47046735
190.161590848
192.572294108
192.599835049
188.176513089
195.056589118
200.524600799
192.276871302
193.329162495
196.320318145
197.223622612
198.401542138
191.264179031
197.699577947
194.913586209
196.646914188
195.689278694
193.463470378
196.019443464
190.805522266
195.601349705
197.293835552
199.70806345
200.785944924
199.08083585
202.111873195
199.414192321
193.591788784
198.570872483
194.837016465
193.12938726
194.870772539
193.892200102
194.121122365
194.352206933
195.699919078
190.965725711
194.003493525
199.152422544
199.529674149
199.074107834
198.335394031
198.88275901
193.7520107
193.108675097
194.903900936
197.318071299
201.750081725
201.822931781
206.168540659
203.769827152
205.309459255
202.426861663
202.018945331
198.943315087
199.322001618
198.55627837
201.650975353
202.005673877
206.083214962
205.619448264
197.015586969
198.622295187
195.430404856
200.453806277
199.58487246
203.145339021
200.18002681
203.343289927
195.737075318
196.374098775
197.770771269
202.577692673
199.358487879
202.55102192
194.742940216
199.898802205
197.500268527
198.397616142
196.703205147
200.517262656
202.028942042
204.725558749
194.481819497
194.41780303
201.672749482
206.482379436
202.159491991
204.594281996
203.704129426
200.204172648
198.220342026
194.291492523
195.811212524
204.301832433
202.97763146
199.634446946
200.306606096
202.245020308
199.244971105
198.405088782
204.591254278
206.464117627
200.168306591
196.975911245
194.853659039
203.153345288
203.559939727
203.791423002
200.172895183
202.429755571
205.285939291
200.55079371
199.8729022
199.271166346
198.118809817
199.603224222
201.238994384
198.338367427
198.107967284
201.780066132
203.780822384
200.355388964
197.564996465
199.558291002
200.510556361
205.849276126
207.402817731
203.733017558
